12-Jan-2021 14:27:37.465 INFORMACIÓN [main] org.apache.catalina.startup.VersionLoggerListener.log Nombre de la versión del servidor: Apache Tomcat/9.0.41
12-Jan-2021 14:27:37.467 INFORMACIÓN [main] org.apache.catalina.startup.VersionLoggerListener.log Server built:                      Dec 3 2020 11:43:00 UTC
12-Jan-2021 14:27:37.467 INFORMACIÓN [main] org.apache.catalina.startup.VersionLoggerListener.log Número de versión de servidor:     9.0.41.0
12-Jan-2021 14:27:37.467 INFORMACIÓN [main] org.apache.catalina.startup.VersionLoggerListener.log OS Name:                           Windows 10
12-Jan-2021 14:27:37.467 INFORMACIÓN [main] org.apache.catalina.startup.VersionLoggerListener.log Versión de Systema Operativo:      10.0
12-Jan-2021 14:27:37.467 INFORMACIÓN [main] org.apache.catalina.startup.VersionLoggerListener.log Arquitectura:                      amd64
12-Jan-2021 14:27:37.467 INFORMACIÓN [main] org.apache.catalina.startup.VersionLoggerListener.log Java Home:                         C:\Program Files\Java\jre1.8.0_271
12-Jan-2021 14:27:37.467 INFORMACIÓN [main] org.apache.catalina.startup.VersionLoggerListener.log JVM Version:                       1.8.0_271-b09
12-Jan-2021 14:27:37.467 INFORMACIÓN [main] org.apache.catalina.startup.VersionLoggerListener.log Vededor JVM:                       Oracle Corporation
12-Jan-2021 14:27:37.467 INFORMACIÓN [main] org.apache.catalina.startup.VersionLoggerListener.log CATALINA_BASE:                     C:\Users\anton\OneDrive\Escritorio\TFG\Nueva carpeta
12-Jan-2021 14:27:37.467 INFORMACIÓN [main] org.apache.catalina.startup.VersionLoggerListener.log CATALINA_HOME:                     C:\Users\anton\OneDrive\Escritorio\TFG\Nueva carpeta
12-Jan-2021 14:27:37.480 INFORMACIÓN [main] org.apache.catalina.startup.VersionLoggerListener.log Command line argument:             -Dcatalina.home=C:\Users\anton\OneDrive\Escritorio\TFG\Nueva carpeta
12-Jan-2021 14:27:37.480 INFORMACIÓN [main] org.apache.catalina.startup.VersionLoggerListener.log Command line argument:             -Dcatalina.base=C:\Users\anton\OneDrive\Escritorio\TFG\Nueva carpeta
12-Jan-2021 14:27:37.480 INFORMACIÓN [main] org.apache.catalina.startup.VersionLoggerListener.log Command line argument:             -Djava.io.tmpdir=C:\Users\anton\OneDrive\Escritorio\TFG\Nueva carpeta\temp
12-Jan-2021 14:27:37.480 INFORMACIÓN [main] org.apache.catalina.startup.VersionLoggerListener.log Command line argument:             -Djava.util.logging.manager=org.apache.juli.ClassLoaderLogManager
12-Jan-2021 14:27:37.480 INFORMACIÓN [main] org.apache.catalina.startup.VersionLoggerListener.log Command line argument:             -Djava.util.logging.config.file=C:\Users\anton\OneDrive\Escritorio\TFG\Nueva carpeta\conf\logging.properties
12-Jan-2021 14:27:37.480 INFORMACIÓN [main] org.apache.catalina.startup.VersionLoggerListener.log Command line argument:             exit
12-Jan-2021 14:27:37.480 INFORMACIÓN [main] org.apache.catalina.startup.VersionLoggerListener.log Command line argument:             abort
12-Jan-2021 14:27:37.480 INFORMACIÓN [main] org.apache.catalina.startup.VersionLoggerListener.log Command line argument:             -Xms128m
12-Jan-2021 14:27:37.481 INFORMACIÓN [main] org.apache.catalina.startup.VersionLoggerListener.log Command line argument:             -Xmx256m
12-Jan-2021 14:27:37.484 INFORMACIÓN [main] org.apache.catalina.core.AprLifecycleListener.lifecycleEvent La biblioteca nativa de Apache Tomcat basada en ARP que permite un rendimiento óptimo en entornos de desarrollo no ha sido hallada en java.library.path: [C:\Users\anton\OneDrive\Escritorio\TFG\Nueva carpeta\bin;C:\WINDOWS\Sun\Java\bin;C:\WINDOWS\system32;C:\WINDOWS;C:\Program Files\Java\jre1.8.0_271\bin;C:\Program Files (x86)\Common Files\Oracle\Java\javapath;C:\Program Files\Common Files\Oracle\Java\javapath;C:\ProgramData\Oracle\Java\javapath;C:\Windows\system32;C:\Windows;C:\Windows\System32\Wbem;C:\Windows\System32\WindowsPowerShell\v1.0\;C:\Windows\System32\OpenSSH\;C:\Program Files (x86)\NVIDIA Corporation\PhysX\Common;C:\WINDOWS\system32;C:\WINDOWS;C:\WINDOWS\System32\Wbem;C:\WINDOWS\System32\WindowsPowerShell\v1.0\;C:\WINDOWS\System32\OpenSSH\;C:\Program Files\Git\cmd;C:\WINDOWS\ServiceProfiles\LocalService\AppData\Local\Microsoft\WindowsApps;.]
12-Jan-2021 14:27:38.060 INFORMACIÓN [main] org.apache.coyote.AbstractProtocol.init Inicializando el manejador de protocolo ["http-nio-8080"]

12-Jan-2021 14:27:38.188 INFORMACIÓN [main] org.apache.catalina.startup.Catalina.load Server initialization in [848] milliseconds
12-Jan-2021 14:27:38.204 INFORMACIÓN [main] org.apache.catalina.core.StandardService.startInternal Arrancando servicio [Catalina]
12-Jan-2021 14:27:38.204 INFORMACIÓN [main] org.apache.catalina.core.StandardEngine.startInternal Starting Servlet engine: [Apache Tomcat/9.0.41]
12-Jan-2021 14:27:38.210 INFORMACIÓN [main] org.apache.catalina.startup.HostConfig.deployDirectory Desplegando el directorio [C:\Users\anton\OneDrive\Escritorio\TFG\Nueva carpeta\webapps\docs] de la aplicación web
12-Jan-2021 14:27:38.365 INFORMACIÓN [main] org.apache.catalina.startup.HostConfig.deployDirectory Deployment of web application directory [C:\Users\anton\OneDrive\Escritorio\TFG\Nueva carpeta\webapps\docs] has finished in [155] ms
12-Jan-2021 14:27:38.366 INFORMACIÓN [main] org.apache.catalina.startup.HostConfig.deployDirectory Desplegando el directorio [C:\Users\anton\OneDrive\Escritorio\TFG\Nueva carpeta\webapps\manager] de la aplicación web
12-Jan-2021 14:27:38.390 INFORMACIÓN [main] org.apache.catalina.startup.HostConfig.deployDirectory Deployment of web application directory [C:\Users\anton\OneDrive\Escritorio\TFG\Nueva carpeta\webapps\manager] has finished in [23] ms
12-Jan-2021 14:27:38.390 INFORMACIÓN [main] org.apache.catalina.startup.HostConfig.deployDirectory Desplegando el directorio [C:\Users\anton\OneDrive\Escritorio\TFG\Nueva carpeta\webapps\ROOT] de la aplicación web
12-Jan-2021 14:27:38.404 INFORMACIÓN [main] org.apache.catalina.startup.HostConfig.deployDirectory Deployment of web application directory [C:\Users\anton\OneDrive\Escritorio\TFG\Nueva carpeta\webapps\ROOT] has finished in [14] ms
12-Jan-2021 14:27:38.407 INFORMACIÓN [main] org.apache.coyote.AbstractProtocol.start Starting ProtocolHandler ["http-nio-8080"]
12-Jan-2021 14:27:38.413 INFORMACIÓN [main] org.apache.catalina.startup.Catalina.start Server startup in [223] milliseconds
12-Jan-2021 14:28:18.957 INFORMACIÓN [Catalina-utility-1] org.apache.catalina.startup.HostConfig.undeploy Repliegue (undeploy) de la aplicación web que tiene como trayectoria de contexto []
12-Jan-2021 14:28:19.479 INFORMACIÓN [Catalina-utility-1] org.apache.catalina.startup.HostConfig.undeploy Repliegue (undeploy) de la aplicación web que tiene como trayectoria de contexto [/manager]
12-Jan-2021 14:28:19.998 INFORMACIÓN [Catalina-utility-1] org.apache.catalina.startup.HostConfig.undeploy Repliegue (undeploy) de la aplicación web que tiene como trayectoria de contexto [/docs]
12-Jan-2021 14:28:40.009 INFORMACIÓN [Catalina-utility-1] org.apache.catalina.startup.HostConfig.deployWAR Despliegue del archivo [C:\Users\anton\OneDrive\Escritorio\TFG\Nueva carpeta\webapps\formes.war] de la aplicación web
12-Jan-2021 14:28:50.491 INFORMACIÓN [Catalina-utility-1] org.apache.jasper.servlet.TldScanner.scanJars Al menos un JAR, que se ha explorado buscando TLDs, aún no contenía TLDs. Activar historial de depuración para este historiador para una completa lista de los JARs que fueron explorados y de los que nos se halló TLDs. Saltarse JARs no necesarios durante la exploración puede dar lugar a una mejora de tiempo significativa en el arranque y compilación de JSP .
12-Jan-2021 14:28:50.527 INFORMACIÓN [Catalina-utility-1] org.directwebremoting.impl.StartupUtil.info DWR Version 2.0.10 starting.
12-Jan-2021 14:28:50.527 INFORMACIÓN [Catalina-utility-1] org.directwebremoting.impl.StartupUtil.info - Servlet Engine: Apache Tomcat/9.0.41
12-Jan-2021 14:28:50.527 INFORMACIÓN [Catalina-utility-1] org.directwebremoting.impl.StartupUtil.info - Java Version:   1.8.0_271
12-Jan-2021 14:28:50.527 INFORMACIÓN [Catalina-utility-1] org.directwebremoting.impl.StartupUtil.info - Java Vendor:    Oracle Corporation
12-Jan-2021 14:28:50.599 INFORMACIÓN [Catalina-utility-1] org.directwebremoting.dwrp.DefaultConverterManager.info Probably not an issue: org.jdom.Document is not available so the jdom converter will not load. This is only a problem if you wanted to use it.
12-Jan-2021 14:28:50.599 INFORMACIÓN [Catalina-utility-1] org.directwebremoting.dwrp.DefaultConverterManager.info Probably not an issue: org.jdom.Element is not available so the jdom converter will not load. This is only a problem if you wanted to use it.
12-Jan-2021 14:28:50.608 INFORMACIÓN [Catalina-utility-1] org.apache.catalina.startup.HostConfig.deployWAR Deployment of web application archive [C:\Users\anton\OneDrive\Escritorio\TFG\Nueva carpeta\webapps\formes.war] has finished in [10.599] ms
12-Jan-2021 14:29:02.746 INFO [main] org.apache.catalina.startup.VersionLoggerListener.log Nombre de la versión del servidor: Apache Tomcat/9.0.41
12-Jan-2021 14:29:02.748 INFO [main] org.apache.catalina.startup.VersionLoggerListener.log Server built:                      Dec 3 2020 11:43:00 UTC
12-Jan-2021 14:29:02.749 INFO [main] org.apache.catalina.startup.VersionLoggerListener.log Número de versión de servidor:     9.0.41.0
12-Jan-2021 14:29:02.749 INFO [main] org.apache.catalina.startup.VersionLoggerListener.log OS Name:                           Windows 10
12-Jan-2021 14:29:02.749 INFO [main] org.apache.catalina.startup.VersionLoggerListener.log Versión de Systema Operativo:      10.0
12-Jan-2021 14:29:02.749 INFO [main] org.apache.catalina.startup.VersionLoggerListener.log Arquitectura:                      amd64
12-Jan-2021 14:29:02.749 INFO [main] org.apache.catalina.startup.VersionLoggerListener.log Java Home:                         C:\Program Files\Java\jdk-11.0.8
12-Jan-2021 14:29:02.749 INFO [main] org.apache.catalina.startup.VersionLoggerListener.log JVM Version:                       11.0.8+10-LTS
12-Jan-2021 14:29:02.750 INFO [main] org.apache.catalina.startup.VersionLoggerListener.log Vededor JVM:                       Oracle Corporation
12-Jan-2021 14:29:02.750 INFO [main] org.apache.catalina.startup.VersionLoggerListener.log CATALINA_BASE:                     C:\Users\anton\OneDrive\Escritorio\TFG\Nueva carpeta
12-Jan-2021 14:29:02.750 INFO [main] org.apache.catalina.startup.VersionLoggerListener.log CATALINA_HOME:                     C:\Users\anton\OneDrive\Escritorio\TFG\Nueva carpeta
12-Jan-2021 14:29:02.758 INFO [main] org.apache.catalina.startup.VersionLoggerListener.log Command line argument:             --add-opens=java.base/java.lang=ALL-UNNAMED
12-Jan-2021 14:29:02.758 INFO [main] org.apache.catalina.startup.VersionLoggerListener.log Command line argument:             --add-opens=java.base/java.io=ALL-UNNAMED
12-Jan-2021 14:29:02.758 INFO [main] org.apache.catalina.startup.VersionLoggerListener.log Command line argument:             --add-opens=java.rmi/sun.rmi.transport=ALL-UNNAMED
12-Jan-2021 14:29:02.758 INFO [main] org.apache.catalina.startup.VersionLoggerListener.log Command line argument:             -Djava.util.logging.config.file=C:\Users\anton\OneDrive\Escritorio\TFG\Nueva carpeta\conf\logging.properties
12-Jan-2021 14:29:02.759 INFO [main] org.apache.catalina.startup.VersionLoggerListener.log Command line argument:             -Djava.util.logging.manager=org.apache.juli.ClassLoaderLogManager
12-Jan-2021 14:29:02.759 INFO [main] org.apache.catalina.startup.VersionLoggerListener.log Command line argument:             -Djdk.tls.ephemeralDHKeySize=2048
12-Jan-2021 14:29:02.759 INFO [main] org.apache.catalina.startup.VersionLoggerListener.log Command line argument:             -Djava.protocol.handler.pkgs=org.apache.catalina.webresources
12-Jan-2021 14:29:02.760 INFO [main] org.apache.catalina.startup.VersionLoggerListener.log Command line argument:             -Dignore.endorsed.dirs=
12-Jan-2021 14:29:02.760 INFO [main] org.apache.catalina.startup.VersionLoggerListener.log Command line argument:             -Dcatalina.base=C:\Users\anton\OneDrive\Escritorio\TFG\Nueva carpeta
12-Jan-2021 14:29:02.760 INFO [main] org.apache.catalina.startup.VersionLoggerListener.log Command line argument:             -Dcatalina.home=C:\Users\anton\OneDrive\Escritorio\TFG\Nueva carpeta
12-Jan-2021 14:29:02.760 INFO [main] org.apache.catalina.startup.VersionLoggerListener.log Command line argument:             -Djava.io.tmpdir=C:\Users\anton\OneDrive\Escritorio\TFG\Nueva carpeta\temp
12-Jan-2021 14:29:02.764 INFO [main] org.apache.catalina.core.AprLifecycleListener.lifecycleEvent La biblioteca nativa de Apache Tomcat basada en ARP que permite un rendimiento óptimo en entornos de desarrollo no ha sido hallada en java.library.path: [C:\Program Files\Java\jdk-11.0.8\bin;C:\WINDOWS\Sun\Java\bin;C:\WINDOWS\system32;C:\WINDOWS;C:\Program Files (x86)\Common Files\Oracle\Java\javapath;C:\Program Files\Common Files\Oracle\Java\javapath;C:\ProgramData\Oracle\Java\javapath;C:\Windows\system32;C:\Windows;C:\Windows\System32\Wbem;C:\Windows\System32\WindowsPowerShell\v1.0\;C:\Windows\System32\OpenSSH\;C:\Program Files (x86)\NVIDIA Corporation\PhysX\Common;C:\WINDOWS\system32;C:\WINDOWS;C:\WINDOWS\System32\Wbem;C:\WINDOWS\System32\WindowsPowerShell\v1.0\;C:\WINDOWS\System32\OpenSSH\;C:\Program Files\Git\cmd;C:\Users\anton\AppData\Local\Programs\Python\Python39\Scripts\;C:\Users\anton\AppData\Local\Programs\Python\Python39\;C:\Users\anton\AppData\Local\Microsoft\WindowsApps;C:\Users\anton\AppData\Local\GitHubDesktop\bin;.]
12-Jan-2021 14:29:02.966 INFO [main] org.apache.coyote.AbstractProtocol.init Inicializando el manejador de protocolo ["http-nio-8080"]

12-Jan-2021 14:29:03.073 SEVERE [main] org.apache.catalina.util.LifecycleBase.handleSubClassException Fallo al iniciar el componente [Connector[HTTP/1.1-8080]]
	org.apache.catalina.LifecycleException: Falló la inicialización del manejador de protocolo
		at org.apache.catalina.connector.Connector.initInternal(Connector.java:1042)
		at org.apache.catalina.util.LifecycleBase.init(LifecycleBase.java:136)
		at org.apache.catalina.core.StandardService.initInternal(StandardService.java:558)
		at org.apache.catalina.util.LifecycleBase.init(LifecycleBase.java:136)
		at org.apache.catalina.core.StandardServer.initInternal(StandardServer.java:1057)
		at org.apache.catalina.util.LifecycleBase.init(LifecycleBase.java:136)
		at org.apache.catalina.startup.Catalina.load(Catalina.java:724)
		at org.apache.catalina.startup.Catalina.load(Catalina.java:746)
		at java.base/jdk.internal.reflect.NativeMethodAccessorImpl.invoke0(Native Method)
		at java.base/jdk.internal.reflect.NativeMethodAccessorImpl.invoke(NativeMethodAccessorImpl.java:62)
		at java.base/jdk.internal.reflect.DelegatingMethodAccessorImpl.invoke(DelegatingMethodAccessorImpl.java:43)
		at java.base/java.lang.reflect.Method.invoke(Method.java:566)
		at org.apache.catalina.startup.Bootstrap.load(Bootstrap.java:302)
		at org.apache.catalina.startup.Bootstrap.main(Bootstrap.java:472)
	Caused by: java.net.BindException: Address already in use: bind
		at java.base/sun.nio.ch.Net.bind0(Native Method)
		at java.base/sun.nio.ch.Net.bind(Net.java:461)
		at java.base/sun.nio.ch.Net.bind(Net.java:453)
		at java.base/sun.nio.ch.ServerSocketChannelImpl.bind(ServerSocketChannelImpl.java:227)
		at java.base/sun.nio.ch.ServerSocketAdaptor.bind(ServerSocketAdaptor.java:80)
		at org.apache.tomcat.util.net.NioEndpoint.initServerSocket(NioEndpoint.java:228)
		at org.apache.tomcat.util.net.NioEndpoint.bind(NioEndpoint.java:211)
		at org.apache.tomcat.util.net.AbstractEndpoint.bindWithCleanup(AbstractEndpoint.java:1159)
		at org.apache.tomcat.util.net.AbstractEndpoint.init(AbstractEndpoint.java:1172)
		at org.apache.coyote.AbstractProtocol.init(AbstractProtocol.java:592)
		at org.apache.coyote.http11.AbstractHttp11Protocol.init(AbstractHttp11Protocol.java:80)
		at org.apache.catalina.connector.Connector.initInternal(Connector.java:1039)
		... 13 more
12-Jan-2021 14:29:03.074 INFO [main] org.apache.catalina.startup.Catalina.load Server initialization in [476] milliseconds
12-Jan-2021 14:29:03.113 INFO [main] org.apache.catalina.core.StandardService.startInternal Arrancando servicio [Catalina]
12-Jan-2021 14:29:03.113 INFO [main] org.apache.catalina.core.StandardEngine.startInternal Starting Servlet engine: [Apache Tomcat/9.0.41]
12-Jan-2021 14:29:03.130 INFO [main] org.apache.catalina.startup.HostConfig.deployWAR Despliegue del archivo [C:\Users\anton\OneDrive\Escritorio\TFG\Nueva carpeta\webapps\formes.war] de la aplicación web
12-Jan-2021 14:29:06.063 INFO [main] org.apache.jasper.servlet.TldScanner.scanJars Al menos un JAR, que se ha explorado buscando TLDs, aún no contenía TLDs. Activar historial de depuración para este historiador para una completa lista de los JARs que fueron explorados y de los que nos se halló TLDs. Saltarse JARs no necesarios durante la exploración puede dar lugar a una mejora de tiempo significativa en el arranque y compilación de JSP .
12-Jan-2021 14:29:06.218 INFO [main] org.directwebremoting.impl.StartupUtil.info DWR Version 2.0.10 starting.
12-Jan-2021 14:29:06.218 INFO [main] org.directwebremoting.impl.StartupUtil.info - Servlet Engine: Apache Tomcat/9.0.41
12-Jan-2021 14:29:06.219 INFO [main] org.directwebremoting.impl.StartupUtil.info - Java Version:   11.0.8
12-Jan-2021 14:29:06.219 INFO [main] org.directwebremoting.impl.StartupUtil.info - Java Vendor:    Oracle Corporation
12-Jan-2021 14:29:06.336 INFO [main] org.directwebremoting.dwrp.DefaultConverterManager.info Probably not an issue: org.jdom.Document is not available so the jdom converter will not load. This is only a problem if you wanted to use it.
12-Jan-2021 14:29:06.336 INFO [main] org.directwebremoting.dwrp.DefaultConverterManager.info Probably not an issue: org.jdom.Element is not available so the jdom converter will not load. This is only a problem if you wanted to use it.
12-Jan-2021 14:29:06.354 INFO [main] org.apache.catalina.startup.HostConfig.deployWAR Deployment of web application archive [C:\Users\anton\OneDrive\Escritorio\TFG\Nueva carpeta\webapps\formes.war] has finished in [3.222] ms
12-Jan-2021 14:29:06.357 INFO [main] org.apache.catalina.startup.Catalina.start Server startup in [3281] milliseconds
12-Jan-2021 14:29:18.864 INFO [http-nio-8080-exec-2] org.hibernate.jpa.internal.util.LogHelper.logPersistenceUnitInformation HHH000204: Processing PersistenceUnitInfo [
	name: default
	...]
12-Jan-2021 14:29:18.933 INFO [http-nio-8080-exec-2] org.hibernate.Version.logVersion HHH000412: Hibernate Core {5.3.9.Final}
12-Jan-2021 14:29:18.934 INFO [http-nio-8080-exec-2] org.hibernate.cfg.Environment.<clinit> HHH000206: hibernate.properties not found
12-Jan-2021 14:29:19.090 INFO [http-nio-8080-exec-2] org.hibernate.annotations.common.reflection.java.JavaReflectionManager.<clinit> HCANN000001: Hibernate Commons Annotations {5.0.4.Final}
12-Jan-2021 14:29:21.856 WARN [http-nio-8080-exec-2] org.hibernate.engine.jdbc.env.internal.JdbcEnvironmentInitiator.initiateService HHH000342: Could not obtain connection to query metadata : Cannot create PoolableConnectionFactory (java.net.ConnectException: Connection refused: connect)
12-Jan-2021 14:29:21.865 ADVERTENCIA [http-nio-8080-exec-2] org.openxava.component.parse.AnnotatedClassParser.getManagedClassNames Conexión de Hibernate no funciona, por lo tanto obtenemos las clases gestionadas por JPA directamente del classpath
	org.hibernate.service.spi.ServiceException: Unable to create requested service [org.hibernate.engine.jdbc.env.spi.JdbcEnvironment]
		at org.hibernate.service.internal.AbstractServiceRegistryImpl.createService(AbstractServiceRegistryImpl.java:275)
		at org.hibernate.service.internal.AbstractServiceRegistryImpl.initializeService(AbstractServiceRegistryImpl.java:237)
		at org.hibernate.service.internal.AbstractServiceRegistryImpl.getService(AbstractServiceRegistryImpl.java:214)
		at org.hibernate.id.factory.internal.DefaultIdentifierGeneratorFactory.injectServices(DefaultIdentifierGeneratorFactory.java:152)
		at org.hibernate.service.internal.AbstractServiceRegistryImpl.injectDependencies(AbstractServiceRegistryImpl.java:286)
		at org.hibernate.service.internal.AbstractServiceRegistryImpl.initializeService(AbstractServiceRegistryImpl.java:243)
		at org.hibernate.service.internal.AbstractServiceRegistryImpl.getService(AbstractServiceRegistryImpl.java:214)
		at org.hibernate.boot.internal.InFlightMetadataCollectorImpl.<init>(InFlightMetadataCollectorImpl.java:179)
		at org.hibernate.boot.model.process.spi.MetadataBuildingProcess.complete(MetadataBuildingProcess.java:119)
		at org.hibernate.jpa.boot.internal.EntityManagerFactoryBuilderImpl.metadata(EntityManagerFactoryBuilderImpl.java:904)
		at org.hibernate.jpa.boot.internal.EntityManagerFactoryBuilderImpl.build(EntityManagerFactoryBuilderImpl.java:935)
		at org.hibernate.jpa.HibernatePersistenceProvider.createEntityManagerFactory(HibernatePersistenceProvider.java:56)
		at javax.persistence.Persistence.createEntityManagerFactory(Persistence.java:79)
		at org.openxava.jpa.XPersistence.getEntityManagerFactory(Unknown Source)
		at org.openxava.jpa.XPersistence.getHibernateDefaultSchemaPropertyName(Unknown Source)
		at org.openxava.jpa.XPersistence.getDefaultPersistenceUnitProperties(Unknown Source)
		at org.openxava.jpa.XPersistence.getPersistenceUnitProperties(Unknown Source)
		at org.openxava.jpa.XPersistence.getEntityManagerFactory(Unknown Source)
		at org.openxava.jpa.XPersistence.createManager(Unknown Source)
		at org.openxava.component.parse.AnnotatedClassParser.obtainManagedClassNamesUsingJPA(Unknown Source)
		at org.openxava.component.parse.AnnotatedClassParser.getManagedClassNames(Unknown Source)
		at com.openxava.naviox.impl.Initializer.init(Unknown Source)
		at com.openxava.naviox.web.NaviOXFilter.doFilter(Unknown Source)
		at org.apache.catalina.core.ApplicationFilterChain.internalDoFilter(ApplicationFilterChain.java:193)
		at org.apache.catalina.core.ApplicationFilterChain.doFilter(ApplicationFilterChain.java:166)
		at org.apache.catalina.core.StandardWrapperValve.invoke(StandardWrapperValve.java:202)
		at org.apache.catalina.core.StandardContextValve.invoke(StandardContextValve.java:97)
		at org.apache.catalina.authenticator.AuthenticatorBase.invoke(AuthenticatorBase.java:542)
		at org.apache.catalina.core.StandardHostValve.invoke(StandardHostValve.java:143)
		at org.apache.catalina.valves.ErrorReportValve.invoke(ErrorReportValve.java:92)
		at org.apache.catalina.valves.AbstractAccessLogValve.invoke(AbstractAccessLogValve.java:690)
		at org.apache.catalina.core.StandardEngineValve.invoke(StandardEngineValve.java:78)
		at org.apache.catalina.connector.CoyoteAdapter.service(CoyoteAdapter.java:343)
		at org.apache.coyote.http11.Http11Processor.service(Http11Processor.java:374)
		at org.apache.coyote.AbstractProcessorLight.process(AbstractProcessorLight.java:65)
		at org.apache.coyote.AbstractProtocol$ConnectionHandler.process(AbstractProtocol.java:888)
		at org.apache.tomcat.util.net.NioEndpoint$SocketProcessor.doRun(NioEndpoint.java:1597)
		at org.apache.tomcat.util.net.SocketProcessorBase.run(SocketProcessorBase.java:49)
		at java.util.concurrent.ThreadPoolExecutor.runWorker(Unknown Source)
		at java.util.concurrent.ThreadPoolExecutor$Worker.run(Unknown Source)
		at org.apache.tomcat.util.threads.TaskThread$WrappingRunnable.run(TaskThread.java:61)
		at java.lang.Thread.run(Unknown Source)
	Caused by: org.hibernate.HibernateException: Access to DialectResolutionInfo cannot be null when 'hibernate.dialect' not set
		at org.hibernate.engine.jdbc.dialect.internal.DialectFactoryImpl.determineDialect(DialectFactoryImpl.java:100)
		at org.hibernate.engine.jdbc.dialect.internal.DialectFactoryImpl.buildDialect(DialectFactoryImpl.java:54)
		at org.hibernate.engine.jdbc.env.internal.JdbcEnvironmentInitiator.initiateService(JdbcEnvironmentInitiator.java:137)
		at org.hibernate.engine.jdbc.env.internal.JdbcEnvironmentInitiator.initiateService(JdbcEnvironmentInitiator.java:35)
		at org.hibernate.boot.registry.internal.StandardServiceRegistryImpl.initiateService(StandardServiceRegistryImpl.java:94)
		at org.hibernate.service.internal.AbstractServiceRegistryImpl.createService(AbstractServiceRegistryImpl.java:263)
		... 41 more
12-Jan-2021 14:29:21.866 ADVERTENCIA [http-nio-8080-exec-2] org.openxava.component.parse.AnnotatedClassParser.obtainManagedClassNamesFromFileClassPath Ficheros ancla para obtener clases gestionadas por JPA no encontrados: xava.properties, application.xml, aplicacion.xml
12-Jan-2021 14:57:42.835 INFORMACIÓN [http-nio-8080-exec-12] org.apache.coyote.http11.Http11Processor.service Error analizando cabecera de requerimiento HTTP
 Note: further occurrences of HTTP request parsing errors will be logged at DEBUG level.
	java.lang.IllegalArgumentException: Se encontró un carácter inválido en el nombre del método. Los nombres de métodos HTTP deben ser tokens
		at org.apache.coyote.http11.Http11InputBuffer.parseRequestLine(Http11InputBuffer.java:417)
		at org.apache.coyote.http11.Http11Processor.service(Http11Processor.java:261)
		at org.apache.coyote.AbstractProcessorLight.process(AbstractProcessorLight.java:65)
		at org.apache.coyote.AbstractProtocol$ConnectionHandler.process(AbstractProtocol.java:888)
		at org.apache.tomcat.util.net.NioEndpoint$SocketProcessor.doRun(NioEndpoint.java:1597)
		at org.apache.tomcat.util.net.SocketProcessorBase.run(SocketProcessorBase.java:49)
		at java.util.concurrent.ThreadPoolExecutor.runWorker(Unknown Source)
		at java.util.concurrent.ThreadPoolExecutor$Worker.run(Unknown Source)
		at org.apache.tomcat.util.threads.TaskThread$WrappingRunnable.run(TaskThread.java:61)
		at java.lang.Thread.run(Unknown Source)
12-Jan-2021 15:28:30.398 SEVERE [main] org.apache.catalina.startup.Catalina.stopServer No se ha configurado puerto de apagado. Apagando el servidor a través de señal de SO. Servidor no apagado.
12-Jan-2021 15:28:57.677 INFO [Thread-2] org.apache.coyote.AbstractProtocol.pause Pausing ProtocolHandler ["http-nio-8080"]
12-Jan-2021 15:28:57.678 INFO [Thread-2] org.apache.catalina.core.StandardService.stopInternal Parando servicio [Catalina]
12-Jan-2021 15:28:57.708 INFO [Thread-2] org.apache.coyote.AbstractProtocol.stop Stopping ProtocolHandler ["http-nio-8080"]
12-Jan-2021 15:28:57.709 INFO [Thread-2] org.apache.coyote.AbstractProtocol.destroy Destroying ProtocolHandler ["http-nio-8080"]
