17-Jan-2021 11:30:28.178 INFO [main] org.apache.catalina.startup.VersionLoggerListener.log Nombre de la versión del servidor: Apache Tomcat/9.0.41
17-Jan-2021 11:30:28.181 INFO [main] org.apache.catalina.startup.VersionLoggerListener.log Server built:                      Dec 3 2020 11:43:00 UTC
17-Jan-2021 11:30:28.181 INFO [main] org.apache.catalina.startup.VersionLoggerListener.log Número de versión de servidor:     9.0.41.0
17-Jan-2021 11:30:28.181 INFO [main] org.apache.catalina.startup.VersionLoggerListener.log OS Name:                           Windows 10
17-Jan-2021 11:30:28.182 INFO [main] org.apache.catalina.startup.VersionLoggerListener.log Versión de Systema Operativo:      10.0
17-Jan-2021 11:30:28.182 INFO [main] org.apache.catalina.startup.VersionLoggerListener.log Arquitectura:                      amd64
17-Jan-2021 11:30:28.182 INFO [main] org.apache.catalina.startup.VersionLoggerListener.log Java Home:                         C:\Program Files\Java\jdk-11.0.8
17-Jan-2021 11:30:28.182 INFO [main] org.apache.catalina.startup.VersionLoggerListener.log JVM Version:                       11.0.8+10-LTS
17-Jan-2021 11:30:28.182 INFO [main] org.apache.catalina.startup.VersionLoggerListener.log Vededor JVM:                       Oracle Corporation
17-Jan-2021 11:30:28.182 INFO [main] org.apache.catalina.startup.VersionLoggerListener.log CATALINA_BASE:                     C:\Users\anton\OneDrive\Escritorio\TFG\Tomcat
17-Jan-2021 11:30:28.182 INFO [main] org.apache.catalina.startup.VersionLoggerListener.log CATALINA_HOME:                     C:\Users\anton\OneDrive\Escritorio\TFG\Tomcat
17-Jan-2021 11:30:28.191 INFO [main] org.apache.catalina.startup.VersionLoggerListener.log Command line argument:             --add-opens=java.base/java.lang=ALL-UNNAMED
17-Jan-2021 11:30:28.191 INFO [main] org.apache.catalina.startup.VersionLoggerListener.log Command line argument:             --add-opens=java.base/java.io=ALL-UNNAMED
17-Jan-2021 11:30:28.191 INFO [main] org.apache.catalina.startup.VersionLoggerListener.log Command line argument:             --add-opens=java.rmi/sun.rmi.transport=ALL-UNNAMED
17-Jan-2021 11:30:28.191 INFO [main] org.apache.catalina.startup.VersionLoggerListener.log Command line argument:             -Djava.util.logging.config.file=C:\Users\anton\OneDrive\Escritorio\TFG\Tomcat\conf\logging.properties
17-Jan-2021 11:30:28.192 INFO [main] org.apache.catalina.startup.VersionLoggerListener.log Command line argument:             -Djava.util.logging.manager=org.apache.juli.ClassLoaderLogManager
17-Jan-2021 11:30:28.193 INFO [main] org.apache.catalina.startup.VersionLoggerListener.log Command line argument:             -Djdk.tls.ephemeralDHKeySize=2048
17-Jan-2021 11:30:28.193 INFO [main] org.apache.catalina.startup.VersionLoggerListener.log Command line argument:             -Djava.protocol.handler.pkgs=org.apache.catalina.webresources
17-Jan-2021 11:30:28.193 INFO [main] org.apache.catalina.startup.VersionLoggerListener.log Command line argument:             -Dignore.endorsed.dirs=
17-Jan-2021 11:30:28.194 INFO [main] org.apache.catalina.startup.VersionLoggerListener.log Command line argument:             -Dcatalina.base=C:\Users\anton\OneDrive\Escritorio\TFG\Tomcat
17-Jan-2021 11:30:28.194 INFO [main] org.apache.catalina.startup.VersionLoggerListener.log Command line argument:             -Dcatalina.home=C:\Users\anton\OneDrive\Escritorio\TFG\Tomcat
17-Jan-2021 11:30:28.194 INFO [main] org.apache.catalina.startup.VersionLoggerListener.log Command line argument:             -Djava.io.tmpdir=C:\Users\anton\OneDrive\Escritorio\TFG\Tomcat\temp
17-Jan-2021 11:30:28.198 INFO [main] org.apache.catalina.core.AprLifecycleListener.lifecycleEvent La biblioteca nativa de Apache Tomcat basada en ARP que permite un rendimiento óptimo en entornos de desarrollo no ha sido hallada en java.library.path: [C:\Program Files\Java\jdk-11.0.8\bin;C:\WINDOWS\Sun\Java\bin;C:\WINDOWS\system32;C:\WINDOWS;C:\Program Files (x86)\Common Files\Oracle\Java\javapath;C:\Program Files\Common Files\Oracle\Java\javapath;C:\ProgramData\Oracle\Java\javapath;C:\Windows\system32;C:\Windows;C:\Windows\System32\Wbem;C:\Windows\System32\WindowsPowerShell\v1.0\;C:\Windows\System32\OpenSSH\;C:\Program Files (x86)\NVIDIA Corporation\PhysX\Common;C:\WINDOWS\system32;C:\WINDOWS;C:\WINDOWS\System32\Wbem;C:\WINDOWS\System32\WindowsPowerShell\v1.0\;C:\WINDOWS\System32\OpenSSH\;C:\Program Files\Git\cmd;C:\Program Files\MySQL\MySQL Shell 8.0\bin\;C:\Users\anton\AppData\Local\Programs\Python\Python39\Scripts\;C:\Users\anton\AppData\Local\Programs\Python\Python39\;C:\Users\anton\AppData\Local\Microsoft\WindowsApps;C:\Users\anton\AppData\Local\GitHubDesktop\bin;.]
17-Jan-2021 11:30:28.416 INFO [main] org.apache.coyote.AbstractProtocol.init Inicializando el manejador de protocolo ["http-nio-8080"]

17-Jan-2021 11:30:28.537 INFO [main] org.apache.catalina.startup.Catalina.load Server initialization in [507] milliseconds
17-Jan-2021 11:30:28.581 INFO [main] org.apache.catalina.core.StandardService.startInternal Arrancando servicio [Catalina]
17-Jan-2021 11:30:28.581 INFO [main] org.apache.catalina.core.StandardEngine.startInternal Starting Servlet engine: [Apache Tomcat/9.0.41]
17-Jan-2021 11:30:28.598 INFO [main] org.apache.catalina.startup.HostConfig.deployWAR Despliegue del archivo [C:\Users\anton\OneDrive\Escritorio\TFG\Tomcat\webapps\formes.war] de la aplicación web
17-Jan-2021 11:30:32.279 INFO [main] org.apache.jasper.servlet.TldScanner.scanJars Al menos un JAR, que se ha explorado buscando TLDs, aún no contenía TLDs. Activar historial de depuración para este historiador para una completa lista de los JARs que fueron explorados y de los que nos se halló TLDs. Saltarse JARs no necesarios durante la exploración puede dar lugar a una mejora de tiempo significativa en el arranque y compilación de JSP .
17-Jan-2021 11:30:32.639 INFO [main] org.directwebremoting.impl.StartupUtil.info DWR Version 2.0.10 starting.
17-Jan-2021 11:30:32.640 INFO [main] org.directwebremoting.impl.StartupUtil.info - Servlet Engine: Apache Tomcat/9.0.41
17-Jan-2021 11:30:32.640 INFO [main] org.directwebremoting.impl.StartupUtil.info - Java Version:   11.0.8
17-Jan-2021 11:30:32.642 INFO [main] org.directwebremoting.impl.StartupUtil.info - Java Vendor:    Oracle Corporation
17-Jan-2021 11:30:32.768 INFO [main] org.directwebremoting.dwrp.DefaultConverterManager.info Probably not an issue: org.jdom.Document is not available so the jdom converter will not load. This is only a problem if you wanted to use it.
17-Jan-2021 11:30:32.769 INFO [main] org.directwebremoting.dwrp.DefaultConverterManager.info Probably not an issue: org.jdom.Element is not available so the jdom converter will not load. This is only a problem if you wanted to use it.
17-Jan-2021 11:30:32.786 INFO [main] org.apache.catalina.startup.HostConfig.deployWAR Deployment of web application archive [C:\Users\anton\OneDrive\Escritorio\TFG\Tomcat\webapps\formes.war] has finished in [4.187] ms
17-Jan-2021 11:30:32.790 INFO [main] org.apache.coyote.AbstractProtocol.start Starting ProtocolHandler ["http-nio-8080"]
17-Jan-2021 11:30:32.798 INFO [main] org.apache.catalina.startup.Catalina.start Server startup in [4258] milliseconds
17-Jan-2021 11:31:50.077 INFO [http-nio-8080-exec-4] org.hibernate.jpa.internal.util.LogHelper.logPersistenceUnitInformation HHH000204: Processing PersistenceUnitInfo [
	name: default
	...]
17-Jan-2021 11:31:50.249 INFO [http-nio-8080-exec-4] org.hibernate.Version.logVersion HHH000412: Hibernate Core {5.3.9.Final}
17-Jan-2021 11:31:50.251 INFO [http-nio-8080-exec-4] org.hibernate.cfg.Environment.<clinit> HHH000206: hibernate.properties not found
17-Jan-2021 11:31:50.576 INFO [http-nio-8080-exec-4] org.hibernate.annotations.common.reflection.java.JavaReflectionManager.<clinit> HCANN000001: Hibernate Commons Annotations {5.0.4.Final}
17-Jan-2021 11:31:52.091 INFO [http-nio-8080-exec-4] org.hibernate.dialect.Dialect.<init> HHH000400: Using dialect: org.hibernate.dialect.HSQLDialect
17-Jan-2021 11:31:52.190 INFO [http-nio-8080-exec-4] org.hibernate.envers.boot.internal.EnversServiceImpl.configure Envers integration enabled? : true
17-Jan-2021 11:31:52.699 WARN [http-nio-8080-exec-4] org.hibernate.id.UUIDHexGenerator.<init> HHH000409: Using org.hibernate.id.UUIDHexGenerator which does not generate IETF RFC 4122 compliant UUID values; consider using org.hibernate.id.UUIDGenerator instead
17-Jan-2021 11:31:53.048 INFO [http-nio-8080-exec-4] org.hibernate.validator.internal.util.Version.<clinit> HV000001: Hibernate Validator 6.0.15.Final
17-Jan-2021 11:31:54.280 INFO [http-nio-8080-exec-4] org.hibernate.jpa.internal.util.LogHelper.logPersistenceUnitInformation HHH000204: Processing PersistenceUnitInfo [
	name: default
	...]
17-Jan-2021 11:31:54.427 INFO [http-nio-8080-exec-4] org.hibernate.dialect.Dialect.<init> HHH000400: Using dialect: org.hibernate.dialect.HSQLDialect
17-Jan-2021 11:31:54.439 INFO [http-nio-8080-exec-4] org.hibernate.envers.boot.internal.EnversServiceImpl.configure Envers integration enabled? : true
17-Jan-2021 11:31:54.719 INFO [http-nio-8080-exec-4] org.openxava.controller.ModuleManager.<clinit> OpenXava 6.4.2 (2020-11-9)
17-Jan-2021 11:32:01.548 FINE [http-nio-8080-exec-8] org.openxava.controller.ModuleManager.log 79.150.233.11 null MODULE:SignIn
17-Jan-2021 11:32:02.082 FINE [http-nio-8080-exec-2] org.openxava.web.dwr.DWRBase.request Tiempo petición=184 ms
17-Jan-2021 11:32:04.265 FINE [http-nio-8080-exec-6] org.openxava.controller.ModuleManager.log 79.150.233.11 tribunal SignIn.signIn 27ms
17-Jan-2021 11:32:04.265 FINE [http-nio-8080-exec-6] org.openxava.web.dwr.DWRBase.request Tiempo petición=30 ms
17-Jan-2021 11:32:04.443 WARNING [http-nio-8080-exec-3] org.openxava.util.Labels.getWithoutCache Imposible internacionalizar elemento con id ProductoPara
17-Jan-2021 11:32:04.457 WARNING [http-nio-8080-exec-3] org.openxava.util.Labels.getWithoutCache Imposible internacionalizar elemento con id Marca
17-Jan-2021 11:32:04.489 WARNING [http-nio-8080-exec-3] org.openxava.util.Labels.getWithoutCache Imposible internacionalizar elemento con id Empleado
17-Jan-2021 11:32:04.493 WARNING [http-nio-8080-exec-3] org.openxava.util.Labels.getWithoutCache Imposible internacionalizar elemento con id ProductoPara
17-Jan-2021 11:32:04.495 WARNING [http-nio-8080-exec-3] org.openxava.util.Labels.getWithoutCache Imposible internacionalizar elemento con id tpv
17-Jan-2021 11:32:04.507 WARNING [http-nio-8080-exec-3] org.openxava.util.Labels.getWithoutCache Imposible internacionalizar elemento con id facturasPendientes
17-Jan-2021 11:32:04.512 FINE [http-nio-8080-exec-3] org.openxava.controller.ModuleManager.log 79.150.233.11 tribunal MODULE:Pedido
17-Jan-2021 11:32:04.701 WARNING [http-nio-8080-exec-6] org.openxava.util.Labels.getWithoutCache Imposible internacionalizar elemento con id productoPara
17-Jan-2021 11:32:04.727 WARNING [http-nio-8080-exec-6] org.openxava.util.Labels.getWithoutCache Imposible internacionalizar elemento con id id
17-Jan-2021 11:32:04.727 WARNING [http-nio-8080-exec-6] org.openxava.util.Labels.getWithoutCache Imposible internacionalizar elemento con id importeCosteTotal
17-Jan-2021 11:32:04.762 INFO [http-nio-8080-exec-6] org.hibernate.hql.internal.QueryTranslatorFactoryInitiator.initiateService HHH000397: Using ASTQueryTranslatorFactory
17-Jan-2021 11:32:04.912 FINE [http-nio-8080-exec-6] org.openxava.tab.impl.JPATabProvider.nextBlock [JPATabProvider.nextBlock] Ejecutando SELECT e.oid, e.id, e.estaPedido, e.importeCosteTotal from Pedido e con argumentos 
17-Jan-2021 11:32:04.937 FINE [http-nio-8080-exec-6] org.openxava.tab.impl.TableModelBean.getRow nextChunk=207
17-Jan-2021 11:32:04.956 WARNING [http-nio-8080-exec-6] org.openxava.util.Labels.getWithoutCache Imposible internacionalizar elemento con id Cards
17-Jan-2021 11:32:04.964 WARNING [http-nio-8080-exec-6] org.openxava.util.Labels.getWithoutCache Imposible internacionalizar elemento con id id
17-Jan-2021 11:32:04.964 WARNING [http-nio-8080-exec-6] org.openxava.util.ResourceManagerI18n.getString Impossible to translate element with id and
17-Jan-2021 11:32:04.965 WARNING [http-nio-8080-exec-6] org.openxava.util.ResourceManagerI18n.getString Impossible to translate element with id and
17-Jan-2021 11:32:04.965 WARNING [http-nio-8080-exec-6] org.openxava.util.ResourceManagerI18n.getString Impossible to translate element with id and
17-Jan-2021 11:32:04.965 WARNING [http-nio-8080-exec-6] org.openxava.util.ResourceManagerI18n.getString Impossible to translate element with id and
17-Jan-2021 11:32:04.966 WARNING [http-nio-8080-exec-6] org.openxava.util.ResourceManagerI18n.getString Impossible to translate element with id and
17-Jan-2021 11:32:04.966 WARNING [http-nio-8080-exec-6] org.openxava.util.ResourceManagerI18n.getString Impossible to translate element with id and
17-Jan-2021 11:32:04.967 WARNING [http-nio-8080-exec-6] org.openxava.util.ResourceManagerI18n.getString Impossible to translate element with id and
17-Jan-2021 11:32:04.967 WARNING [http-nio-8080-exec-6] org.openxava.util.ResourceManagerI18n.getString Impossible to translate element with id and
17-Jan-2021 11:32:04.968 WARNING [http-nio-8080-exec-6] org.openxava.util.Labels.getWithoutCache Imposible internacionalizar elemento con id estaPedido
17-Jan-2021 11:32:04.968 WARNING [http-nio-8080-exec-6] org.openxava.util.ResourceManagerI18n.getString Impossible to translate element with id and
17-Jan-2021 11:32:04.969 WARNING [http-nio-8080-exec-6] org.openxava.util.ResourceManagerI18n.getString Impossible to translate element with id and
17-Jan-2021 11:32:04.970 WARNING [http-nio-8080-exec-6] org.openxava.util.ResourceManagerI18n.getString Impossible to translate element with id and
17-Jan-2021 11:32:04.971 WARNING [http-nio-8080-exec-6] org.openxava.util.ResourceManagerI18n.getString Impossible to translate element with id and
17-Jan-2021 11:32:04.975 WARNING [http-nio-8080-exec-6] org.openxava.util.Labels.getWithoutCache Imposible internacionalizar elemento con id importeCosteTotal
17-Jan-2021 11:32:05.035 FINE [http-nio-8080-exec-6] org.openxava.web.dwr.DWRBase.request Tiempo petición=339 ms
17-Jan-2021 11:32:07.909 FINE [http-nio-8080-exec-3] org.openxava.controller.ModuleManager.log 79.150.233.11 tribunal MODULE:Producto
17-Jan-2021 11:32:08.091 FINE [http-nio-8080-exec-7] org.openxava.tab.impl.JPATabProvider.nextBlock [JPATabProvider.nextBlock] Ejecutando SELECT e.numero, e.numero, e.descripcion, e_categoria.nombre, e_marca.nombre, e.precio, e.cantidadTotal, e.precioCoste, e.stockMinimo from Producto e left join e.categoria e_categoria left join e.marca e_marca con argumentos 
17-Jan-2021 11:32:08.100 FINE [http-nio-8080-exec-7] org.openxava.tab.impl.TableModelBean.getRow nextChunk=20
17-Jan-2021 11:32:08.116 WARNING [http-nio-8080-exec-7] org.openxava.util.ResourceManagerI18n.getString Impossible to translate element with id and
17-Jan-2021 11:32:08.117 WARNING [http-nio-8080-exec-7] org.openxava.util.ResourceManagerI18n.getString Impossible to translate element with id and
17-Jan-2021 11:32:08.117 WARNING [http-nio-8080-exec-7] org.openxava.util.ResourceManagerI18n.getString Impossible to translate element with id and
17-Jan-2021 11:32:08.117 WARNING [http-nio-8080-exec-7] org.openxava.util.ResourceManagerI18n.getString Impossible to translate element with id and
17-Jan-2021 11:32:08.118 WARNING [http-nio-8080-exec-7] org.openxava.util.ResourceManagerI18n.getString Impossible to translate element with id and
17-Jan-2021 11:32:08.120 WARNING [http-nio-8080-exec-7] org.openxava.util.ResourceManagerI18n.getString Impossible to translate element with id and
17-Jan-2021 11:32:08.126 WARNING [http-nio-8080-exec-7] org.openxava.util.ResourceManagerI18n.getString Impossible to translate element with id and
17-Jan-2021 11:32:08.127 WARNING [http-nio-8080-exec-7] org.openxava.util.ResourceManagerI18n.getString Impossible to translate element with id and
17-Jan-2021 11:32:08.127 WARNING [http-nio-8080-exec-7] org.openxava.util.ResourceManagerI18n.getString Impossible to translate element with id and
17-Jan-2021 11:32:08.127 WARNING [http-nio-8080-exec-7] org.openxava.util.ResourceManagerI18n.getString Impossible to translate element with id and
17-Jan-2021 11:32:08.128 WARNING [http-nio-8080-exec-7] org.openxava.util.ResourceManagerI18n.getString Impossible to translate element with id and
17-Jan-2021 11:32:08.128 WARNING [http-nio-8080-exec-7] org.openxava.util.ResourceManagerI18n.getString Impossible to translate element with id and
17-Jan-2021 11:32:08.129 WARNING [http-nio-8080-exec-7] org.openxava.util.ResourceManagerI18n.getString Impossible to translate element with id and
17-Jan-2021 11:32:08.129 WARNING [http-nio-8080-exec-7] org.openxava.util.ResourceManagerI18n.getString Impossible to translate element with id and
17-Jan-2021 11:32:08.129 WARNING [http-nio-8080-exec-7] org.openxava.util.ResourceManagerI18n.getString Impossible to translate element with id and
17-Jan-2021 11:32:08.130 WARNING [http-nio-8080-exec-7] org.openxava.util.ResourceManagerI18n.getString Impossible to translate element with id and
17-Jan-2021 11:32:08.130 WARNING [http-nio-8080-exec-7] org.openxava.util.ResourceManagerI18n.getString Impossible to translate element with id and
17-Jan-2021 11:32:08.130 WARNING [http-nio-8080-exec-7] org.openxava.util.ResourceManagerI18n.getString Impossible to translate element with id and
17-Jan-2021 11:32:08.131 WARNING [http-nio-8080-exec-7] org.openxava.util.ResourceManagerI18n.getString Impossible to translate element with id and
17-Jan-2021 11:32:08.131 WARNING [http-nio-8080-exec-7] org.openxava.util.ResourceManagerI18n.getString Impossible to translate element with id and
17-Jan-2021 11:32:08.132 WARNING [http-nio-8080-exec-7] org.openxava.util.ResourceManagerI18n.getString Impossible to translate element with id and
17-Jan-2021 11:32:08.132 WARNING [http-nio-8080-exec-7] org.openxava.util.ResourceManagerI18n.getString Impossible to translate element with id and
17-Jan-2021 11:32:08.132 WARNING [http-nio-8080-exec-7] org.openxava.util.ResourceManagerI18n.getString Impossible to translate element with id and
17-Jan-2021 11:32:08.133 WARNING [http-nio-8080-exec-7] org.openxava.util.ResourceManagerI18n.getString Impossible to translate element with id and
17-Jan-2021 11:32:08.135 WARNING [http-nio-8080-exec-7] org.openxava.util.ResourceManagerI18n.getString Impossible to translate element with id and
17-Jan-2021 11:32:08.135 WARNING [http-nio-8080-exec-7] org.openxava.util.ResourceManagerI18n.getString Impossible to translate element with id and
17-Jan-2021 11:32:08.136 WARNING [http-nio-8080-exec-7] org.openxava.util.ResourceManagerI18n.getString Impossible to translate element with id and
17-Jan-2021 11:32:08.137 WARNING [http-nio-8080-exec-7] org.openxava.util.ResourceManagerI18n.getString Impossible to translate element with id and
17-Jan-2021 11:32:08.137 WARNING [http-nio-8080-exec-7] org.openxava.util.ResourceManagerI18n.getString Impossible to translate element with id and
17-Jan-2021 11:32:08.138 WARNING [http-nio-8080-exec-7] org.openxava.util.ResourceManagerI18n.getString Impossible to translate element with id and
17-Jan-2021 11:32:08.138 WARNING [http-nio-8080-exec-7] org.openxava.util.ResourceManagerI18n.getString Impossible to translate element with id and
17-Jan-2021 11:32:08.138 WARNING [http-nio-8080-exec-7] org.openxava.util.ResourceManagerI18n.getString Impossible to translate element with id and
17-Jan-2021 11:32:08.141 WARNING [http-nio-8080-exec-7] org.openxava.util.Labels.getWithoutCache Imposible internacionalizar elemento con id marca
17-Jan-2021 11:32:08.163 FINE [http-nio-8080-exec-7] org.openxava.tab.impl.JPATabProvider.nextBlock [JPATabProvider.nextBlock] Ejecutando SELECT e.oid, e.oid, e.nombre from CategoriaDelArticulo e con argumentos 
17-Jan-2021 11:32:08.164 FINE [http-nio-8080-exec-7] org.openxava.tab.impl.TableModelBean.getRow nextChunk=3
17-Jan-2021 11:32:08.169 FINE [http-nio-8080-exec-7] org.openxava.tab.impl.JPATabProvider.nextBlock [JPATabProvider.nextBlock] Ejecutando SELECT e.oid, e.oid, e.nombre from Marca e con argumentos 
17-Jan-2021 11:32:08.171 FINE [http-nio-8080-exec-7] org.openxava.tab.impl.TableModelBean.getRow nextChunk=4
17-Jan-2021 11:32:08.342 FINE [http-nio-8080-exec-7] org.openxava.web.dwr.DWRBase.request Tiempo petición=266 ms
17-Jan-2021 11:32:11.498 FINE [http-nio-8080-exec-6] org.openxava.controller.ModuleManager.log 79.150.233.11 tribunal List.goPage 8ms
17-Jan-2021 11:32:11.501 WARNING [http-nio-8080-exec-6] org.openxava.util.ResourceManagerI18n.getString Impossible to translate element with id and
17-Jan-2021 11:32:11.502 WARNING [http-nio-8080-exec-6] org.openxava.util.ResourceManagerI18n.getString Impossible to translate element with id and
17-Jan-2021 11:32:11.506 WARNING [http-nio-8080-exec-6] org.openxava.util.ResourceManagerI18n.getString Impossible to translate element with id and
17-Jan-2021 11:32:11.506 WARNING [http-nio-8080-exec-6] org.openxava.util.ResourceManagerI18n.getString Impossible to translate element with id and
17-Jan-2021 11:32:11.507 WARNING [http-nio-8080-exec-6] org.openxava.util.ResourceManagerI18n.getString Impossible to translate element with id and
17-Jan-2021 11:32:11.507 WARNING [http-nio-8080-exec-6] org.openxava.util.ResourceManagerI18n.getString Impossible to translate element with id and
17-Jan-2021 11:32:11.507 WARNING [http-nio-8080-exec-6] org.openxava.util.ResourceManagerI18n.getString Impossible to translate element with id and
17-Jan-2021 11:32:11.508 WARNING [http-nio-8080-exec-6] org.openxava.util.ResourceManagerI18n.getString Impossible to translate element with id and
17-Jan-2021 11:32:11.508 WARNING [http-nio-8080-exec-6] org.openxava.util.ResourceManagerI18n.getString Impossible to translate element with id and
17-Jan-2021 11:32:11.508 WARNING [http-nio-8080-exec-6] org.openxava.util.ResourceManagerI18n.getString Impossible to translate element with id and
17-Jan-2021 11:32:11.509 WARNING [http-nio-8080-exec-6] org.openxava.util.ResourceManagerI18n.getString Impossible to translate element with id and
17-Jan-2021 11:32:11.509 WARNING [http-nio-8080-exec-6] org.openxava.util.ResourceManagerI18n.getString Impossible to translate element with id and
17-Jan-2021 11:32:11.509 WARNING [http-nio-8080-exec-6] org.openxava.util.ResourceManagerI18n.getString Impossible to translate element with id and
17-Jan-2021 11:32:11.510 WARNING [http-nio-8080-exec-6] org.openxava.util.ResourceManagerI18n.getString Impossible to translate element with id and
17-Jan-2021 11:32:11.510 WARNING [http-nio-8080-exec-6] org.openxava.util.ResourceManagerI18n.getString Impossible to translate element with id and
17-Jan-2021 11:32:11.510 WARNING [http-nio-8080-exec-6] org.openxava.util.ResourceManagerI18n.getString Impossible to translate element with id and
17-Jan-2021 11:32:11.511 WARNING [http-nio-8080-exec-6] org.openxava.util.ResourceManagerI18n.getString Impossible to translate element with id and
17-Jan-2021 11:32:11.511 WARNING [http-nio-8080-exec-6] org.openxava.util.ResourceManagerI18n.getString Impossible to translate element with id and
17-Jan-2021 11:32:11.512 WARNING [http-nio-8080-exec-6] org.openxava.util.ResourceManagerI18n.getString Impossible to translate element with id and
17-Jan-2021 11:32:11.512 WARNING [http-nio-8080-exec-6] org.openxava.util.ResourceManagerI18n.getString Impossible to translate element with id and
17-Jan-2021 11:32:11.512 WARNING [http-nio-8080-exec-6] org.openxava.util.ResourceManagerI18n.getString Impossible to translate element with id and
17-Jan-2021 11:32:11.512 WARNING [http-nio-8080-exec-6] org.openxava.util.ResourceManagerI18n.getString Impossible to translate element with id and
17-Jan-2021 11:32:11.513 WARNING [http-nio-8080-exec-6] org.openxava.util.ResourceManagerI18n.getString Impossible to translate element with id and
17-Jan-2021 11:32:11.513 WARNING [http-nio-8080-exec-6] org.openxava.util.ResourceManagerI18n.getString Impossible to translate element with id and
17-Jan-2021 11:32:11.513 WARNING [http-nio-8080-exec-6] org.openxava.util.ResourceManagerI18n.getString Impossible to translate element with id and
17-Jan-2021 11:32:11.514 WARNING [http-nio-8080-exec-6] org.openxava.util.ResourceManagerI18n.getString Impossible to translate element with id and
17-Jan-2021 11:32:11.514 WARNING [http-nio-8080-exec-6] org.openxava.util.ResourceManagerI18n.getString Impossible to translate element with id and
17-Jan-2021 11:32:11.514 WARNING [http-nio-8080-exec-6] org.openxava.util.ResourceManagerI18n.getString Impossible to translate element with id and
17-Jan-2021 11:32:11.515 WARNING [http-nio-8080-exec-6] org.openxava.util.ResourceManagerI18n.getString Impossible to translate element with id and
17-Jan-2021 11:32:11.515 WARNING [http-nio-8080-exec-6] org.openxava.util.ResourceManagerI18n.getString Impossible to translate element with id and
17-Jan-2021 11:32:11.515 WARNING [http-nio-8080-exec-6] org.openxava.util.ResourceManagerI18n.getString Impossible to translate element with id and
17-Jan-2021 11:32:11.515 WARNING [http-nio-8080-exec-6] org.openxava.util.ResourceManagerI18n.getString Impossible to translate element with id and
17-Jan-2021 11:32:11.537 FINE [http-nio-8080-exec-6] org.openxava.tab.impl.JPATabProvider.nextBlock [JPATabProvider.nextBlock] Ejecutando SELECT e.oid, e.oid, e.nombre from CategoriaDelArticulo e con argumentos 
17-Jan-2021 11:32:11.539 FINE [http-nio-8080-exec-6] org.openxava.tab.impl.TableModelBean.getRow nextChunk=4
17-Jan-2021 11:32:11.541 FINE [http-nio-8080-exec-6] org.openxava.tab.impl.JPATabProvider.nextBlock [JPATabProvider.nextBlock] Ejecutando SELECT e.oid, e.oid, e.nombre from Marca e con argumentos 
17-Jan-2021 11:32:11.543 FINE [http-nio-8080-exec-6] org.openxava.tab.impl.TableModelBean.getRow nextChunk=2
17-Jan-2021 11:32:11.657 FINE [http-nio-8080-exec-6] org.openxava.web.dwr.DWRBase.request Tiempo petición=169 ms
17-Jan-2021 11:32:36.783 FINE [http-nio-8080-exec-5] org.openxava.controller.ModuleManager.log 79.150.233.11 tribunal MODULE:Marca
17-Jan-2021 11:32:36.983 FINE [http-nio-8080-exec-1] org.openxava.tab.impl.JPATabProvider.nextBlock [JPATabProvider.nextBlock] Ejecutando SELECT e.oid, e.nombre from Marca e con argumentos 
17-Jan-2021 11:32:36.984 FINE [http-nio-8080-exec-1] org.openxava.tab.impl.TableModelBean.getRow nextChunk=3
17-Jan-2021 11:32:37.028 FINE [http-nio-8080-exec-1] org.openxava.web.dwr.DWRBase.request Tiempo petición=49 ms
17-Jan-2021 11:32:38.450 FINE [http-nio-8080-exec-7] org.openxava.controller.ModuleManager.log 79.150.233.11 tribunal MODULE:facturasPendientes
17-Jan-2021 11:32:38.656 FINE [http-nio-8080-exec-7] org.openxava.tab.impl.JPATabProvider.nextBlock [JPATabProvider.nextBlock] Ejecutando SELECT e.oid, e.numeroFactura, e_marca.nombre, e.fechaVencimiento, e.cantidad, e.iban from facturasPendientes e left join e.marca e_marca con argumentos 
17-Jan-2021 11:32:38.659 FINE [http-nio-8080-exec-7] org.openxava.tab.impl.TableModelBean.getRow nextChunk=30
17-Jan-2021 11:32:38.663 WARNING [http-nio-8080-exec-7] org.openxava.util.Labels.getWithoutCache Imposible internacionalizar elemento con id IBAN
17-Jan-2021 11:32:38.664 WARNING [http-nio-8080-exec-7] org.openxava.util.ResourceManagerI18n.getString Impossible to translate element with id and
17-Jan-2021 11:32:38.664 WARNING [http-nio-8080-exec-7] org.openxava.util.ResourceManagerI18n.getString Impossible to translate element with id and
17-Jan-2021 11:32:38.664 WARNING [http-nio-8080-exec-7] org.openxava.util.ResourceManagerI18n.getString Impossible to translate element with id and
17-Jan-2021 11:32:38.665 WARNING [http-nio-8080-exec-7] org.openxava.util.ResourceManagerI18n.getString Impossible to translate element with id and
17-Jan-2021 11:32:38.665 WARNING [http-nio-8080-exec-7] org.openxava.util.ResourceManagerI18n.getString Impossible to translate element with id and
17-Jan-2021 11:32:38.665 WARNING [http-nio-8080-exec-7] org.openxava.util.ResourceManagerI18n.getString Impossible to translate element with id and
17-Jan-2021 11:32:38.666 WARNING [http-nio-8080-exec-7] org.openxava.util.ResourceManagerI18n.getString Impossible to translate element with id and
17-Jan-2021 11:32:38.666 WARNING [http-nio-8080-exec-7] org.openxava.util.ResourceManagerI18n.getString Impossible to translate element with id and
17-Jan-2021 11:32:38.677 FINE [http-nio-8080-exec-7] org.openxava.tab.impl.JPATabProvider.nextBlock [JPATabProvider.nextBlock] Ejecutando SELECT e.oid, e.oid, e.nombre from Marca e con argumentos 
17-Jan-2021 11:32:38.678 FINE [http-nio-8080-exec-7] org.openxava.tab.impl.TableModelBean.getRow nextChunk=2
17-Jan-2021 11:32:38.698 FINE [http-nio-8080-exec-7] org.openxava.web.dwr.DWRBase.request Tiempo petición=73 ms
17-Jan-2021 11:32:40.010 FINE [http-nio-8080-exec-10] org.openxava.controller.ModuleManager.log 79.150.233.11 tribunal MODULE:Marca
17-Jan-2021 11:32:40.176 FINE [http-nio-8080-exec-7] org.openxava.tab.impl.JPATabProvider.nextBlock [JPATabProvider.nextBlock] Ejecutando SELECT e.oid, e.nombre from Marca e con argumentos 
17-Jan-2021 11:32:40.177 FINE [http-nio-8080-exec-7] org.openxava.tab.impl.TableModelBean.getRow nextChunk=2
17-Jan-2021 11:32:40.201 FINE [http-nio-8080-exec-7] org.openxava.web.dwr.DWRBase.request Tiempo petición=28 ms
17-Jan-2021 11:32:41.109 FINE [http-nio-8080-exec-6] org.openxava.controller.ModuleManager.log 79.150.233.11 tribunal MODULE:Empleado
17-Jan-2021 11:32:41.312 WARNING [http-nio-8080-exec-2] org.openxava.util.Labels.getWithoutCache Imposible internacionalizar elemento con id id
17-Jan-2021 11:32:41.315 FINE [http-nio-8080-exec-2] org.openxava.tab.impl.JPATabProvider.nextBlock [JPATabProvider.nextBlock] Ejecutando SELECT e.id, e.nombre, e.direccion.viaPublica, e.id, e.email from Empleado e con argumentos 
17-Jan-2021 11:32:41.316 FINE [http-nio-8080-exec-2] org.openxava.tab.impl.TableModelBean.getRow nextChunk=3
17-Jan-2021 11:32:41.342 FINE [http-nio-8080-exec-2] org.openxava.web.dwr.DWRBase.request Tiempo petición=32 ms
17-Jan-2021 11:32:42.156 FINE [http-nio-8080-exec-7] org.openxava.controller.ModuleManager.log 79.150.233.11 tribunal MODULE:CategoriaDelArticulo
17-Jan-2021 11:32:42.319 FINE [http-nio-8080-exec-5] org.openxava.tab.impl.JPATabProvider.nextBlock [JPATabProvider.nextBlock] Ejecutando SELECT e.oid, e.nombre from CategoriaDelArticulo e con argumentos 
17-Jan-2021 11:32:42.321 FINE [http-nio-8080-exec-5] org.openxava.tab.impl.TableModelBean.getRow nextChunk=4
17-Jan-2021 11:32:42.340 FINE [http-nio-8080-exec-5] org.openxava.web.dwr.DWRBase.request Tiempo petición=24 ms
17-Jan-2021 11:32:43.250 FINE [http-nio-8080-exec-2] org.openxava.controller.ModuleManager.log 79.150.233.11 tribunal MODULE:Pedido
17-Jan-2021 11:32:43.438 FINE [http-nio-8080-exec-4] org.openxava.tab.impl.JPATabProvider.nextBlock [JPATabProvider.nextBlock] Ejecutando SELECT e.oid, e.id, e.estaPedido, e.importeCosteTotal from Pedido e con argumentos 
17-Jan-2021 11:32:43.439 FINE [http-nio-8080-exec-4] org.openxava.tab.impl.TableModelBean.getRow nextChunk=2
17-Jan-2021 11:32:43.443 WARNING [http-nio-8080-exec-4] org.openxava.util.ResourceManagerI18n.getString Impossible to translate element with id and
17-Jan-2021 11:32:43.443 WARNING [http-nio-8080-exec-4] org.openxava.util.ResourceManagerI18n.getString Impossible to translate element with id and
17-Jan-2021 11:32:43.444 WARNING [http-nio-8080-exec-4] org.openxava.util.ResourceManagerI18n.getString Impossible to translate element with id and
17-Jan-2021 11:32:43.444 WARNING [http-nio-8080-exec-4] org.openxava.util.ResourceManagerI18n.getString Impossible to translate element with id and
17-Jan-2021 11:32:43.444 WARNING [http-nio-8080-exec-4] org.openxava.util.ResourceManagerI18n.getString Impossible to translate element with id and
17-Jan-2021 11:32:43.444 WARNING [http-nio-8080-exec-4] org.openxava.util.ResourceManagerI18n.getString Impossible to translate element with id and
17-Jan-2021 11:32:43.445 WARNING [http-nio-8080-exec-4] org.openxava.util.ResourceManagerI18n.getString Impossible to translate element with id and
17-Jan-2021 11:32:43.445 WARNING [http-nio-8080-exec-4] org.openxava.util.ResourceManagerI18n.getString Impossible to translate element with id and
17-Jan-2021 11:32:43.445 WARNING [http-nio-8080-exec-4] org.openxava.util.ResourceManagerI18n.getString Impossible to translate element with id and
17-Jan-2021 11:32:43.446 WARNING [http-nio-8080-exec-4] org.openxava.util.ResourceManagerI18n.getString Impossible to translate element with id and
17-Jan-2021 11:32:43.446 WARNING [http-nio-8080-exec-4] org.openxava.util.ResourceManagerI18n.getString Impossible to translate element with id and
17-Jan-2021 11:32:43.446 WARNING [http-nio-8080-exec-4] org.openxava.util.ResourceManagerI18n.getString Impossible to translate element with id and
17-Jan-2021 11:32:43.460 FINE [http-nio-8080-exec-4] org.openxava.web.dwr.DWRBase.request Tiempo petición=51 ms
17-Jan-2021 11:32:44.433 FINE [http-nio-8080-exec-5] org.openxava.controller.ModuleManager.log 79.150.233.11 tribunal MODULE:tpv
17-Jan-2021 11:32:44.626 WARNING [http-nio-8080-exec-3] org.openxava.util.Labels.getWithoutCache Imposible internacionalizar elemento con id productoPara
17-Jan-2021 11:32:44.630 WARNING [http-nio-8080-exec-3] org.openxava.util.Labels.getWithoutCache Imposible internacionalizar elemento con id pagaCon
17-Jan-2021 11:32:44.630 WARNING [http-nio-8080-exec-3] org.openxava.util.Labels.getWithoutCache Imposible internacionalizar elemento con id resto
17-Jan-2021 11:32:44.635 FINE [http-nio-8080-exec-3] org.openxava.tab.impl.JPATabProvider.nextBlock [JPATabProvider.nextBlock] Ejecutando SELECT e.oid, e.numero, e.importeTotal, e.pagaCon, e.resto, e_cliente.nombre from tpv e left join e.cliente e_cliente con argumentos 
17-Jan-2021 11:32:44.636 FINE [http-nio-8080-exec-3] org.openxava.tab.impl.TableModelBean.getRow nextChunk=5
17-Jan-2021 11:32:44.641 WARNING [http-nio-8080-exec-3] org.openxava.util.Labels.getWithoutCache Imposible internacionalizar elemento con id tpv
17-Jan-2021 11:32:44.641 WARNING [http-nio-8080-exec-3] org.openxava.util.Labels.getWithoutCache Imposible internacionalizar elemento con id pagaCon
17-Jan-2021 11:32:44.642 WARNING [http-nio-8080-exec-3] org.openxava.util.Labels.getWithoutCache Imposible internacionalizar elemento con id resto
17-Jan-2021 11:32:44.655 FINE [http-nio-8080-exec-3] org.openxava.web.dwr.DWRBase.request Tiempo petición=30 ms
17-Jan-2021 11:32:45.760 FINE [http-nio-8080-exec-4] org.openxava.controller.ModuleManager.log 79.150.233.11 tribunal MODULE:Producto
17-Jan-2021 11:32:45.945 FINE [http-nio-8080-exec-8] org.openxava.tab.impl.JPATabProvider.nextBlock [JPATabProvider.nextBlock] Ejecutando SELECT e.numero, e.numero, e.descripcion, e_categoria.nombre, e_marca.nombre, e.precio, e.cantidadTotal, e.precioCoste, e.stockMinimo from Producto e left join e.categoria e_categoria left join e.marca e_marca con argumentos 
17-Jan-2021 11:32:45.949 FINE [http-nio-8080-exec-8] org.openxava.tab.impl.TableModelBean.getRow nextChunk=5
17-Jan-2021 11:32:45.963 WARNING [http-nio-8080-exec-8] org.openxava.util.ResourceManagerI18n.getString Impossible to translate element with id and
17-Jan-2021 11:32:45.963 WARNING [http-nio-8080-exec-8] org.openxava.util.ResourceManagerI18n.getString Impossible to translate element with id and
17-Jan-2021 11:32:45.964 WARNING [http-nio-8080-exec-8] org.openxava.util.ResourceManagerI18n.getString Impossible to translate element with id and
17-Jan-2021 11:32:45.964 WARNING [http-nio-8080-exec-8] org.openxava.util.ResourceManagerI18n.getString Impossible to translate element with id and
17-Jan-2021 11:32:45.965 WARNING [http-nio-8080-exec-8] org.openxava.util.ResourceManagerI18n.getString Impossible to translate element with id and
17-Jan-2021 11:32:45.965 WARNING [http-nio-8080-exec-8] org.openxava.util.ResourceManagerI18n.getString Impossible to translate element with id and
17-Jan-2021 11:32:45.965 WARNING [http-nio-8080-exec-8] org.openxava.util.ResourceManagerI18n.getString Impossible to translate element with id and
17-Jan-2021 11:32:45.966 WARNING [http-nio-8080-exec-8] org.openxava.util.ResourceManagerI18n.getString Impossible to translate element with id and
17-Jan-2021 11:32:45.966 WARNING [http-nio-8080-exec-8] org.openxava.util.ResourceManagerI18n.getString Impossible to translate element with id and
17-Jan-2021 11:32:45.966 WARNING [http-nio-8080-exec-8] org.openxava.util.ResourceManagerI18n.getString Impossible to translate element with id and
17-Jan-2021 11:32:45.967 WARNING [http-nio-8080-exec-8] org.openxava.util.ResourceManagerI18n.getString Impossible to translate element with id and
17-Jan-2021 11:32:45.967 WARNING [http-nio-8080-exec-8] org.openxava.util.ResourceManagerI18n.getString Impossible to translate element with id and
17-Jan-2021 11:32:45.967 WARNING [http-nio-8080-exec-8] org.openxava.util.ResourceManagerI18n.getString Impossible to translate element with id and
17-Jan-2021 11:32:45.967 WARNING [http-nio-8080-exec-8] org.openxava.util.ResourceManagerI18n.getString Impossible to translate element with id and
17-Jan-2021 11:32:45.968 WARNING [http-nio-8080-exec-8] org.openxava.util.ResourceManagerI18n.getString Impossible to translate element with id and
17-Jan-2021 11:32:45.968 WARNING [http-nio-8080-exec-8] org.openxava.util.ResourceManagerI18n.getString Impossible to translate element with id and
17-Jan-2021 11:32:45.969 WARNING [http-nio-8080-exec-8] org.openxava.util.ResourceManagerI18n.getString Impossible to translate element with id and
17-Jan-2021 11:32:45.969 WARNING [http-nio-8080-exec-8] org.openxava.util.ResourceManagerI18n.getString Impossible to translate element with id and
17-Jan-2021 11:32:45.970 WARNING [http-nio-8080-exec-8] org.openxava.util.ResourceManagerI18n.getString Impossible to translate element with id and
17-Jan-2021 11:32:45.970 WARNING [http-nio-8080-exec-8] org.openxava.util.ResourceManagerI18n.getString Impossible to translate element with id and
17-Jan-2021 11:32:45.971 WARNING [http-nio-8080-exec-8] org.openxava.util.ResourceManagerI18n.getString Impossible to translate element with id and
17-Jan-2021 11:32:45.971 WARNING [http-nio-8080-exec-8] org.openxava.util.ResourceManagerI18n.getString Impossible to translate element with id and
17-Jan-2021 11:32:45.972 WARNING [http-nio-8080-exec-8] org.openxava.util.ResourceManagerI18n.getString Impossible to translate element with id and
17-Jan-2021 11:32:45.972 WARNING [http-nio-8080-exec-8] org.openxava.util.ResourceManagerI18n.getString Impossible to translate element with id and
17-Jan-2021 11:32:45.972 WARNING [http-nio-8080-exec-8] org.openxava.util.ResourceManagerI18n.getString Impossible to translate element with id and
17-Jan-2021 11:32:45.972 WARNING [http-nio-8080-exec-8] org.openxava.util.ResourceManagerI18n.getString Impossible to translate element with id and
17-Jan-2021 11:32:45.973 WARNING [http-nio-8080-exec-8] org.openxava.util.ResourceManagerI18n.getString Impossible to translate element with id and
17-Jan-2021 11:32:45.973 WARNING [http-nio-8080-exec-8] org.openxava.util.ResourceManagerI18n.getString Impossible to translate element with id and
17-Jan-2021 11:32:45.974 WARNING [http-nio-8080-exec-8] org.openxava.util.ResourceManagerI18n.getString Impossible to translate element with id and
17-Jan-2021 11:32:45.976 WARNING [http-nio-8080-exec-8] org.openxava.util.ResourceManagerI18n.getString Impossible to translate element with id and
17-Jan-2021 11:32:45.976 WARNING [http-nio-8080-exec-8] org.openxava.util.ResourceManagerI18n.getString Impossible to translate element with id and
17-Jan-2021 11:32:45.976 WARNING [http-nio-8080-exec-8] org.openxava.util.ResourceManagerI18n.getString Impossible to translate element with id and
17-Jan-2021 11:32:45.992 FINE [http-nio-8080-exec-8] org.openxava.tab.impl.JPATabProvider.nextBlock [JPATabProvider.nextBlock] Ejecutando SELECT e.oid, e.oid, e.nombre from CategoriaDelArticulo e con argumentos 
17-Jan-2021 11:32:45.993 FINE [http-nio-8080-exec-8] org.openxava.tab.impl.TableModelBean.getRow nextChunk=2
17-Jan-2021 11:32:45.994 FINE [http-nio-8080-exec-8] org.openxava.tab.impl.JPATabProvider.nextBlock [JPATabProvider.nextBlock] Ejecutando SELECT e.oid, e.oid, e.nombre from Marca e con argumentos 
17-Jan-2021 11:32:45.995 FINE [http-nio-8080-exec-8] org.openxava.tab.impl.TableModelBean.getRow nextChunk=1
17-Jan-2021 11:32:46.107 FINE [http-nio-8080-exec-8] org.openxava.web.dwr.DWRBase.request Tiempo petición=164 ms
17-Jan-2021 11:32:46.722 FINE [http-nio-8080-exec-3] org.openxava.controller.ModuleManager.log 79.150.233.11 tribunal MODULE:Cliente
17-Jan-2021 11:32:46.900 FINE [http-nio-8080-exec-9] org.openxava.tab.impl.JPATabProvider.nextBlock [JPATabProvider.nextBlock] Ejecutando SELECT e.numero, e.nombre, e.direccion.viaPublica, e.numero, e.telefono, e.email from Cliente e con argumentos 
17-Jan-2021 11:32:46.902 FINE [http-nio-8080-exec-9] org.openxava.tab.impl.TableModelBean.getRow nextChunk=4
17-Jan-2021 11:32:46.915 FINE [http-nio-8080-exec-9] org.openxava.web.dwr.DWRBase.request Tiempo petición=19 ms
17-Jan-2021 11:32:50.631 FINE [http-nio-8080-exec-4] org.openxava.controller.ModuleManager.log 79.150.233.11 tribunal ListFormat.select 3ms
17-Jan-2021 11:32:50.655 FINE [http-nio-8080-exec-4] org.openxava.web.dwr.DWRBase.request Tiempo petición=28 ms
17-Jan-2021 11:32:52.814 FINE [http-nio-8080-exec-6] org.openxava.controller.ModuleManager.log 79.150.233.11 tribunal MODULE:Producto
17-Jan-2021 11:32:52.998 FINE [http-nio-8080-exec-4] org.openxava.tab.impl.JPATabProvider.nextBlock [JPATabProvider.nextBlock] Ejecutando SELECT e.numero, e.numero, e.descripcion, e_categoria.nombre, e_marca.nombre, e.precio, e.cantidadTotal, e.precioCoste, e.stockMinimo from Producto e left join e.categoria e_categoria left join e.marca e_marca con argumentos 
17-Jan-2021 11:32:53.002 FINE [http-nio-8080-exec-4] org.openxava.tab.impl.TableModelBean.getRow nextChunk=5
17-Jan-2021 11:32:53.013 WARNING [http-nio-8080-exec-4] org.openxava.util.ResourceManagerI18n.getString Impossible to translate element with id and
17-Jan-2021 11:32:53.014 WARNING [http-nio-8080-exec-4] org.openxava.util.ResourceManagerI18n.getString Impossible to translate element with id and
17-Jan-2021 11:32:53.014 WARNING [http-nio-8080-exec-4] org.openxava.util.ResourceManagerI18n.getString Impossible to translate element with id and
17-Jan-2021 11:32:53.015 WARNING [http-nio-8080-exec-4] org.openxava.util.ResourceManagerI18n.getString Impossible to translate element with id and
17-Jan-2021 11:32:53.016 WARNING [http-nio-8080-exec-4] org.openxava.util.ResourceManagerI18n.getString Impossible to translate element with id and
17-Jan-2021 11:32:53.016 WARNING [http-nio-8080-exec-4] org.openxava.util.ResourceManagerI18n.getString Impossible to translate element with id and
17-Jan-2021 11:32:53.017 WARNING [http-nio-8080-exec-4] org.openxava.util.ResourceManagerI18n.getString Impossible to translate element with id and
17-Jan-2021 11:32:53.017 WARNING [http-nio-8080-exec-4] org.openxava.util.ResourceManagerI18n.getString Impossible to translate element with id and
17-Jan-2021 11:32:53.018 WARNING [http-nio-8080-exec-4] org.openxava.util.ResourceManagerI18n.getString Impossible to translate element with id and
17-Jan-2021 11:32:53.018 WARNING [http-nio-8080-exec-4] org.openxava.util.ResourceManagerI18n.getString Impossible to translate element with id and
17-Jan-2021 11:32:53.019 WARNING [http-nio-8080-exec-4] org.openxava.util.ResourceManagerI18n.getString Impossible to translate element with id and
17-Jan-2021 11:32:53.019 WARNING [http-nio-8080-exec-4] org.openxava.util.ResourceManagerI18n.getString Impossible to translate element with id and
17-Jan-2021 11:32:53.021 WARNING [http-nio-8080-exec-4] org.openxava.util.ResourceManagerI18n.getString Impossible to translate element with id and
17-Jan-2021 11:32:53.021 WARNING [http-nio-8080-exec-4] org.openxava.util.ResourceManagerI18n.getString Impossible to translate element with id and
17-Jan-2021 11:32:53.022 WARNING [http-nio-8080-exec-4] org.openxava.util.ResourceManagerI18n.getString Impossible to translate element with id and
17-Jan-2021 11:32:53.023 WARNING [http-nio-8080-exec-4] org.openxava.util.ResourceManagerI18n.getString Impossible to translate element with id and
17-Jan-2021 11:32:53.023 WARNING [http-nio-8080-exec-4] org.openxava.util.ResourceManagerI18n.getString Impossible to translate element with id and
17-Jan-2021 11:32:53.023 WARNING [http-nio-8080-exec-4] org.openxava.util.ResourceManagerI18n.getString Impossible to translate element with id and
17-Jan-2021 11:32:53.024 WARNING [http-nio-8080-exec-4] org.openxava.util.ResourceManagerI18n.getString Impossible to translate element with id and
17-Jan-2021 11:32:53.024 WARNING [http-nio-8080-exec-4] org.openxava.util.ResourceManagerI18n.getString Impossible to translate element with id and
17-Jan-2021 11:32:53.025 WARNING [http-nio-8080-exec-4] org.openxava.util.ResourceManagerI18n.getString Impossible to translate element with id and
17-Jan-2021 11:32:53.025 WARNING [http-nio-8080-exec-4] org.openxava.util.ResourceManagerI18n.getString Impossible to translate element with id and
17-Jan-2021 11:32:53.025 WARNING [http-nio-8080-exec-4] org.openxava.util.ResourceManagerI18n.getString Impossible to translate element with id and
17-Jan-2021 11:32:53.025 WARNING [http-nio-8080-exec-4] org.openxava.util.ResourceManagerI18n.getString Impossible to translate element with id and
17-Jan-2021 11:32:53.026 WARNING [http-nio-8080-exec-4] org.openxava.util.ResourceManagerI18n.getString Impossible to translate element with id and
17-Jan-2021 11:32:53.026 WARNING [http-nio-8080-exec-4] org.openxava.util.ResourceManagerI18n.getString Impossible to translate element with id and
17-Jan-2021 11:32:53.026 WARNING [http-nio-8080-exec-4] org.openxava.util.ResourceManagerI18n.getString Impossible to translate element with id and
17-Jan-2021 11:32:53.027 WARNING [http-nio-8080-exec-4] org.openxava.util.ResourceManagerI18n.getString Impossible to translate element with id and
17-Jan-2021 11:32:53.027 WARNING [http-nio-8080-exec-4] org.openxava.util.ResourceManagerI18n.getString Impossible to translate element with id and
17-Jan-2021 11:32:53.027 WARNING [http-nio-8080-exec-4] org.openxava.util.ResourceManagerI18n.getString Impossible to translate element with id and
17-Jan-2021 11:32:53.028 WARNING [http-nio-8080-exec-4] org.openxava.util.ResourceManagerI18n.getString Impossible to translate element with id and
17-Jan-2021 11:32:53.028 WARNING [http-nio-8080-exec-4] org.openxava.util.ResourceManagerI18n.getString Impossible to translate element with id and
17-Jan-2021 11:32:53.041 FINE [http-nio-8080-exec-4] org.openxava.tab.impl.JPATabProvider.nextBlock [JPATabProvider.nextBlock] Ejecutando SELECT e.oid, e.oid, e.nombre from CategoriaDelArticulo e con argumentos 
17-Jan-2021 11:32:53.042 FINE [http-nio-8080-exec-4] org.openxava.tab.impl.TableModelBean.getRow nextChunk=3
17-Jan-2021 11:32:53.043 FINE [http-nio-8080-exec-4] org.openxava.tab.impl.JPATabProvider.nextBlock [JPATabProvider.nextBlock] Ejecutando SELECT e.oid, e.oid, e.nombre from Marca e con argumentos 
17-Jan-2021 11:32:53.044 FINE [http-nio-8080-exec-4] org.openxava.tab.impl.TableModelBean.getRow nextChunk=1
17-Jan-2021 11:32:53.157 FINE [http-nio-8080-exec-4] org.openxava.web.dwr.DWRBase.request Tiempo petición=160 ms
17-Jan-2021 11:32:54.960 FINE [http-nio-8080-exec-6] org.openxava.controller.ModuleManager.log 79.150.233.11 tribunal ListFormat.select 1ms
17-Jan-2021 11:32:54.970 WARNING [http-nio-8080-exec-6] org.openxava.util.ResourceManagerI18n.getString Impossible to translate element with id and
17-Jan-2021 11:32:54.970 WARNING [http-nio-8080-exec-6] org.openxava.util.ResourceManagerI18n.getString Impossible to translate element with id and
17-Jan-2021 11:32:54.971 WARNING [http-nio-8080-exec-6] org.openxava.util.ResourceManagerI18n.getString Impossible to translate element with id and
17-Jan-2021 11:32:54.971 WARNING [http-nio-8080-exec-6] org.openxava.util.ResourceManagerI18n.getString Impossible to translate element with id and
17-Jan-2021 11:32:54.972 WARNING [http-nio-8080-exec-6] org.openxava.util.ResourceManagerI18n.getString Impossible to translate element with id and
17-Jan-2021 11:32:54.972 WARNING [http-nio-8080-exec-6] org.openxava.util.ResourceManagerI18n.getString Impossible to translate element with id and
17-Jan-2021 11:32:54.973 WARNING [http-nio-8080-exec-6] org.openxava.util.ResourceManagerI18n.getString Impossible to translate element with id and
17-Jan-2021 11:32:54.973 WARNING [http-nio-8080-exec-6] org.openxava.util.ResourceManagerI18n.getString Impossible to translate element with id and
17-Jan-2021 11:32:54.974 WARNING [http-nio-8080-exec-6] org.openxava.util.ResourceManagerI18n.getString Impossible to translate element with id and
17-Jan-2021 11:32:54.974 WARNING [http-nio-8080-exec-6] org.openxava.util.ResourceManagerI18n.getString Impossible to translate element with id and
17-Jan-2021 11:32:54.974 WARNING [http-nio-8080-exec-6] org.openxava.util.ResourceManagerI18n.getString Impossible to translate element with id and
17-Jan-2021 11:32:54.974 WARNING [http-nio-8080-exec-6] org.openxava.util.ResourceManagerI18n.getString Impossible to translate element with id and
17-Jan-2021 11:32:54.975 WARNING [http-nio-8080-exec-6] org.openxava.util.ResourceManagerI18n.getString Impossible to translate element with id and
17-Jan-2021 11:32:54.975 WARNING [http-nio-8080-exec-6] org.openxava.util.ResourceManagerI18n.getString Impossible to translate element with id and
17-Jan-2021 11:32:54.975 WARNING [http-nio-8080-exec-6] org.openxava.util.ResourceManagerI18n.getString Impossible to translate element with id and
17-Jan-2021 11:32:54.976 WARNING [http-nio-8080-exec-6] org.openxava.util.ResourceManagerI18n.getString Impossible to translate element with id and
17-Jan-2021 11:32:54.976 WARNING [http-nio-8080-exec-6] org.openxava.util.ResourceManagerI18n.getString Impossible to translate element with id and
17-Jan-2021 11:32:54.976 WARNING [http-nio-8080-exec-6] org.openxava.util.ResourceManagerI18n.getString Impossible to translate element with id and
17-Jan-2021 11:32:54.977 WARNING [http-nio-8080-exec-6] org.openxava.util.ResourceManagerI18n.getString Impossible to translate element with id and
17-Jan-2021 11:32:54.977 WARNING [http-nio-8080-exec-6] org.openxava.util.ResourceManagerI18n.getString Impossible to translate element with id and
17-Jan-2021 11:32:54.977 WARNING [http-nio-8080-exec-6] org.openxava.util.ResourceManagerI18n.getString Impossible to translate element with id and
17-Jan-2021 11:32:54.978 WARNING [http-nio-8080-exec-6] org.openxava.util.ResourceManagerI18n.getString Impossible to translate element with id and
17-Jan-2021 11:32:54.978 WARNING [http-nio-8080-exec-6] org.openxava.util.ResourceManagerI18n.getString Impossible to translate element with id and
17-Jan-2021 11:32:54.978 WARNING [http-nio-8080-exec-6] org.openxava.util.ResourceManagerI18n.getString Impossible to translate element with id and
17-Jan-2021 11:32:54.979 WARNING [http-nio-8080-exec-6] org.openxava.util.ResourceManagerI18n.getString Impossible to translate element with id and
17-Jan-2021 11:32:54.979 WARNING [http-nio-8080-exec-6] org.openxava.util.ResourceManagerI18n.getString Impossible to translate element with id and
17-Jan-2021 11:32:54.979 WARNING [http-nio-8080-exec-6] org.openxava.util.ResourceManagerI18n.getString Impossible to translate element with id and
17-Jan-2021 11:32:54.979 WARNING [http-nio-8080-exec-6] org.openxava.util.ResourceManagerI18n.getString Impossible to translate element with id and
17-Jan-2021 11:32:54.981 WARNING [http-nio-8080-exec-6] org.openxava.util.ResourceManagerI18n.getString Impossible to translate element with id and
17-Jan-2021 11:32:54.982 WARNING [http-nio-8080-exec-6] org.openxava.util.ResourceManagerI18n.getString Impossible to translate element with id and
17-Jan-2021 11:32:54.982 WARNING [http-nio-8080-exec-6] org.openxava.util.ResourceManagerI18n.getString Impossible to translate element with id and
17-Jan-2021 11:32:54.982 WARNING [http-nio-8080-exec-6] org.openxava.util.ResourceManagerI18n.getString Impossible to translate element with id and
17-Jan-2021 11:32:54.992 FINE [http-nio-8080-exec-6] org.openxava.web.dwr.DWRBase.request Tiempo petición=34 ms
17-Jan-2021 11:33:09.276 FINE [http-nio-8080-exec-2] org.openxava.controller.ModuleManager.log 79.150.233.11 tribunal ListFormat.select 1ms
17-Jan-2021 11:33:09.289 WARNING [http-nio-8080-exec-2] org.openxava.util.ResourceManagerI18n.getString Impossible to translate element with id and
17-Jan-2021 11:33:09.289 WARNING [http-nio-8080-exec-2] org.openxava.util.ResourceManagerI18n.getString Impossible to translate element with id and
17-Jan-2021 11:33:09.290 WARNING [http-nio-8080-exec-2] org.openxava.util.ResourceManagerI18n.getString Impossible to translate element with id and
17-Jan-2021 11:33:09.291 WARNING [http-nio-8080-exec-2] org.openxava.util.ResourceManagerI18n.getString Impossible to translate element with id and
17-Jan-2021 11:33:09.291 WARNING [http-nio-8080-exec-2] org.openxava.util.ResourceManagerI18n.getString Impossible to translate element with id and
17-Jan-2021 11:33:09.291 WARNING [http-nio-8080-exec-2] org.openxava.util.ResourceManagerI18n.getString Impossible to translate element with id and
17-Jan-2021 11:33:09.292 WARNING [http-nio-8080-exec-2] org.openxava.util.ResourceManagerI18n.getString Impossible to translate element with id and
17-Jan-2021 11:33:09.292 WARNING [http-nio-8080-exec-2] org.openxava.util.ResourceManagerI18n.getString Impossible to translate element with id and
17-Jan-2021 11:33:09.293 WARNING [http-nio-8080-exec-2] org.openxava.util.ResourceManagerI18n.getString Impossible to translate element with id and
17-Jan-2021 11:33:09.293 WARNING [http-nio-8080-exec-2] org.openxava.util.ResourceManagerI18n.getString Impossible to translate element with id and
17-Jan-2021 11:33:09.295 WARNING [http-nio-8080-exec-2] org.openxava.util.ResourceManagerI18n.getString Impossible to translate element with id and
17-Jan-2021 11:33:09.295 WARNING [http-nio-8080-exec-2] org.openxava.util.ResourceManagerI18n.getString Impossible to translate element with id and
17-Jan-2021 11:33:09.295 WARNING [http-nio-8080-exec-2] org.openxava.util.ResourceManagerI18n.getString Impossible to translate element with id and
17-Jan-2021 11:33:09.295 WARNING [http-nio-8080-exec-2] org.openxava.util.ResourceManagerI18n.getString Impossible to translate element with id and
17-Jan-2021 11:33:09.296 WARNING [http-nio-8080-exec-2] org.openxava.util.ResourceManagerI18n.getString Impossible to translate element with id and
17-Jan-2021 11:33:09.296 WARNING [http-nio-8080-exec-2] org.openxava.util.ResourceManagerI18n.getString Impossible to translate element with id and
17-Jan-2021 11:33:09.296 WARNING [http-nio-8080-exec-2] org.openxava.util.ResourceManagerI18n.getString Impossible to translate element with id and
17-Jan-2021 11:33:09.297 WARNING [http-nio-8080-exec-2] org.openxava.util.ResourceManagerI18n.getString Impossible to translate element with id and
17-Jan-2021 11:33:09.297 WARNING [http-nio-8080-exec-2] org.openxava.util.ResourceManagerI18n.getString Impossible to translate element with id and
17-Jan-2021 11:33:09.297 WARNING [http-nio-8080-exec-2] org.openxava.util.ResourceManagerI18n.getString Impossible to translate element with id and
17-Jan-2021 11:33:09.298 WARNING [http-nio-8080-exec-2] org.openxava.util.ResourceManagerI18n.getString Impossible to translate element with id and
17-Jan-2021 11:33:09.298 WARNING [http-nio-8080-exec-2] org.openxava.util.ResourceManagerI18n.getString Impossible to translate element with id and
17-Jan-2021 11:33:09.298 WARNING [http-nio-8080-exec-2] org.openxava.util.ResourceManagerI18n.getString Impossible to translate element with id and
17-Jan-2021 11:33:09.299 WARNING [http-nio-8080-exec-2] org.openxava.util.ResourceManagerI18n.getString Impossible to translate element with id and
17-Jan-2021 11:33:09.299 WARNING [http-nio-8080-exec-2] org.openxava.util.ResourceManagerI18n.getString Impossible to translate element with id and
17-Jan-2021 11:33:09.299 WARNING [http-nio-8080-exec-2] org.openxava.util.ResourceManagerI18n.getString Impossible to translate element with id and
17-Jan-2021 11:33:09.300 WARNING [http-nio-8080-exec-2] org.openxava.util.ResourceManagerI18n.getString Impossible to translate element with id and
17-Jan-2021 11:33:09.300 WARNING [http-nio-8080-exec-2] org.openxava.util.ResourceManagerI18n.getString Impossible to translate element with id and
17-Jan-2021 11:33:09.300 WARNING [http-nio-8080-exec-2] org.openxava.util.ResourceManagerI18n.getString Impossible to translate element with id and
17-Jan-2021 11:33:09.300 WARNING [http-nio-8080-exec-2] org.openxava.util.ResourceManagerI18n.getString Impossible to translate element with id and
17-Jan-2021 11:33:09.301 WARNING [http-nio-8080-exec-2] org.openxava.util.ResourceManagerI18n.getString Impossible to translate element with id and
17-Jan-2021 11:33:09.301 WARNING [http-nio-8080-exec-2] org.openxava.util.ResourceManagerI18n.getString Impossible to translate element with id and
17-Jan-2021 11:33:09.318 FINE [http-nio-8080-exec-2] org.openxava.tab.impl.JPATabProvider.nextBlock [JPATabProvider.nextBlock] Ejecutando SELECT e.oid, e.oid, e.nombre from CategoriaDelArticulo e con argumentos 
17-Jan-2021 11:33:09.319 FINE [http-nio-8080-exec-2] org.openxava.tab.impl.TableModelBean.getRow nextChunk=2
17-Jan-2021 11:33:09.321 FINE [http-nio-8080-exec-2] org.openxava.tab.impl.JPATabProvider.nextBlock [JPATabProvider.nextBlock] Ejecutando SELECT e.oid, e.oid, e.nombre from Marca e con argumentos 
17-Jan-2021 11:33:09.323 FINE [http-nio-8080-exec-2] org.openxava.tab.impl.TableModelBean.getRow nextChunk=2
17-Jan-2021 11:33:09.324 FINE [http-nio-8080-exec-2] org.openxava.tab.impl.JPATabProvider.nextBlock [JPATabProvider.nextBlock] Ejecutando SELECT e.numero, e.numero, e.descripcion, e_categoria.nombre, e_marca.nombre, e.precio, e.cantidadTotal, e.precioCoste, e.stockMinimo from Producto e left join e.categoria e_categoria left join e.marca e_marca con argumentos 
17-Jan-2021 11:33:09.327 FINE [http-nio-8080-exec-2] org.openxava.tab.impl.TableModelBean.getRow nextChunk=3
17-Jan-2021 11:33:09.412 FINE [http-nio-8080-exec-2] org.openxava.web.dwr.DWRBase.request Tiempo petición=138 ms
17-Jan-2021 11:55:22.132 INFO [Thread-3] org.apache.coyote.AbstractProtocol.pause Pausing ProtocolHandler ["http-nio-8080"]
17-Jan-2021 11:55:22.212 INFO [Thread-3] org.apache.catalina.core.StandardService.stopInternal Parando servicio [Catalina]
17-Jan-2021 11:55:22.286 WARNING [Thread-3] org.apache.catalina.loader.WebappClassLoaderBase.clearReferencesThreads The web application [formes] appears to have started a thread named [mysql-cj-abandoned-connection-cleanup] but has failed to stop it. This is very likely to create a memory leak. Stack trace of thread:
 java.base@11.0.8/java.io.WinNTFileSystem.canonicalize0(Native Method)
 java.base@11.0.8/java.io.WinNTFileSystem.canonicalize(WinNTFileSystem.java:438)
 java.base@11.0.8/java.io.File.getCanonicalPath(File.java:620)
 org.apache.catalina.webresources.AbstractFileResourceSet.file(AbstractFileResourceSet.java:94)
 org.apache.catalina.webresources.DirResourceSet.getResource(DirResourceSet.java:101)
 org.apache.catalina.webresources.StandardRoot.getResourceInternal(StandardRoot.java:281)
 org.apache.catalina.webresources.CachedResource.validateResource(CachedResource.java:105)
 org.apache.catalina.webresources.Cache.getResource(Cache.java:87)
 org.apache.catalina.webresources.StandardRoot.getResource(StandardRoot.java:216)
 org.apache.catalina.webresources.StandardRoot.getClassLoaderResource(StandardRoot.java:225)
 org.apache.catalina.loader.WebappClassLoaderBase.findResource(WebappClassLoaderBase.java:938)
 org.apache.catalina.loader.WebappClassLoaderBase.getResource(WebappClassLoaderBase.java:1057)
 com.mysql.cj.jdbc.AbandonedConnectionCleanupThread.checkThreadContextClassLoader(AbandonedConnectionCleanupThread.java:117)
 com.mysql.cj.jdbc.AbandonedConnectionCleanupThread.run(AbandonedConnectionCleanupThread.java:84)
 java.base@11.0.8/java.util.concurrent.ThreadPoolExecutor.runWorker(ThreadPoolExecutor.java:1128)
 java.base@11.0.8/java.util.concurrent.ThreadPoolExecutor$Worker.run(ThreadPoolExecutor.java:628)
 java.base@11.0.8/java.lang.Thread.run(Thread.java:834)
17-Jan-2021 11:55:22.287 SEVERE [Thread-3] org.apache.catalina.loader.WebappClassLoaderBase.checkThreadLocalMapForLeaks La aplicación web [formes] creó un ThreadLocal con clave del tipo [java.lang.ThreadLocal] (valor [java.lang.ThreadLocal@7875b999]) y un valor del tipo [org.openxava.util.EmailNotifications.ModuleInfo] (valor [org.openxava.util.EmailNotifications$ModuleInfo@5f58084e]) pero no pudo quitarlo cuando la aplicación web se paró. Los hilos se van a renovar con el tiempo para intentar evitar in posible fallo de memoria.
17-Jan-2021 11:55:22.288 SEVERE [Thread-3] org.apache.catalina.loader.WebappClassLoaderBase.checkThreadLocalMapForLeaks La aplicación web [formes] creó un ThreadLocal con clave del tipo [java.lang.ThreadLocal] (valor [java.lang.ThreadLocal@7875b999]) y un valor del tipo [org.openxava.util.EmailNotifications.ModuleInfo] (valor [org.openxava.util.EmailNotifications$ModuleInfo@f3d6e7d]) pero no pudo quitarlo cuando la aplicación web se paró. Los hilos se van a renovar con el tiempo para intentar evitar in posible fallo de memoria.
17-Jan-2021 11:55:22.288 SEVERE [Thread-3] org.apache.catalina.loader.WebappClassLoaderBase.checkThreadLocalMapForLeaks La aplicación web [formes] creó un ThreadLocal con clave del tipo [java.lang.ThreadLocal] (valor [java.lang.ThreadLocal@7875b999]) y un valor del tipo [org.openxava.util.EmailNotifications.ModuleInfo] (valor [org.openxava.util.EmailNotifications$ModuleInfo@6db4e0c7]) pero no pudo quitarlo cuando la aplicación web se paró. Los hilos se van a renovar con el tiempo para intentar evitar in posible fallo de memoria.
17-Jan-2021 11:55:22.289 SEVERE [Thread-3] org.apache.catalina.loader.WebappClassLoaderBase.checkThreadLocalMapForLeaks La aplicación web [formes] creó un ThreadLocal con clave del tipo [java.lang.ThreadLocal] (valor [java.lang.ThreadLocal@7875b999]) y un valor del tipo [org.openxava.util.EmailNotifications.ModuleInfo] (valor [org.openxava.util.EmailNotifications$ModuleInfo@38d82599]) pero no pudo quitarlo cuando la aplicación web se paró. Los hilos se van a renovar con el tiempo para intentar evitar in posible fallo de memoria.
17-Jan-2021 11:55:22.290 SEVERE [Thread-3] org.apache.catalina.loader.WebappClassLoaderBase.checkThreadLocalMapForLeaks La aplicación web [formes] creó un ThreadLocal con clave del tipo [java.lang.ThreadLocal] (valor [java.lang.ThreadLocal@7875b999]) y un valor del tipo [org.openxava.util.EmailNotifications.ModuleInfo] (valor [org.openxava.util.EmailNotifications$ModuleInfo@38be23e4]) pero no pudo quitarlo cuando la aplicación web se paró. Los hilos se van a renovar con el tiempo para intentar evitar in posible fallo de memoria.
17-Jan-2021 11:55:22.291 SEVERE [Thread-3] org.apache.catalina.loader.WebappClassLoaderBase.checkThreadLocalMapForLeaks La aplicación web [formes] creó un ThreadLocal con clave del tipo [java.lang.ThreadLocal] (valor [java.lang.ThreadLocal@7875b999]) y un valor del tipo [org.openxava.util.EmailNotifications.ModuleInfo] (valor [org.openxava.util.EmailNotifications$ModuleInfo@2c9372a2]) pero no pudo quitarlo cuando la aplicación web se paró. Los hilos se van a renovar con el tiempo para intentar evitar in posible fallo de memoria.
17-Jan-2021 11:55:22.291 SEVERE [Thread-3] org.apache.catalina.loader.WebappClassLoaderBase.checkThreadLocalMapForLeaks La aplicación web [formes] creó un ThreadLocal con clave del tipo [java.lang.ThreadLocal] (valor [java.lang.ThreadLocal@7875b999]) y un valor del tipo [org.openxava.util.EmailNotifications.ModuleInfo] (valor [org.openxava.util.EmailNotifications$ModuleInfo@65fbc5d7]) pero no pudo quitarlo cuando la aplicación web se paró. Los hilos se van a renovar con el tiempo para intentar evitar in posible fallo de memoria.
17-Jan-2021 11:55:22.292 SEVERE [Thread-3] org.apache.catalina.loader.WebappClassLoaderBase.checkThreadLocalMapForLeaks La aplicación web [formes] creó un ThreadLocal con clave del tipo [java.lang.ThreadLocal] (valor [java.lang.ThreadLocal@7875b999]) y un valor del tipo [org.openxava.util.EmailNotifications.ModuleInfo] (valor [org.openxava.util.EmailNotifications$ModuleInfo@463b4ce3]) pero no pudo quitarlo cuando la aplicación web se paró. Los hilos se van a renovar con el tiempo para intentar evitar in posible fallo de memoria.
17-Jan-2021 11:55:22.292 SEVERE [Thread-3] org.apache.catalina.loader.WebappClassLoaderBase.checkThreadLocalMapForLeaks La aplicación web [formes] creó un ThreadLocal con clave del tipo [java.lang.ThreadLocal] (valor [java.lang.ThreadLocal@7875b999]) y un valor del tipo [org.openxava.util.EmailNotifications.ModuleInfo] (valor [org.openxava.util.EmailNotifications$ModuleInfo@54eddb24]) pero no pudo quitarlo cuando la aplicación web se paró. Los hilos se van a renovar con el tiempo para intentar evitar in posible fallo de memoria.
17-Jan-2021 11:55:22.292 SEVERE [Thread-3] org.apache.catalina.loader.WebappClassLoaderBase.checkThreadLocalMapForLeaks La aplicación web [formes] creó un ThreadLocal con clave del tipo [java.lang.ThreadLocal] (valor [java.lang.ThreadLocal@7875b999]) y un valor del tipo [org.openxava.util.EmailNotifications.ModuleInfo] (valor [org.openxava.util.EmailNotifications$ModuleInfo@63dca579]) pero no pudo quitarlo cuando la aplicación web se paró. Los hilos se van a renovar con el tiempo para intentar evitar in posible fallo de memoria.
17-Jan-2021 11:55:22.298 INFO [Thread-3] org.apache.coyote.AbstractProtocol.stop Stopping ProtocolHandler ["http-nio-8080"]
17-Jan-2021 11:55:22.323 INFO [Thread-3] org.apache.coyote.AbstractProtocol.destroy Destroying ProtocolHandler ["http-nio-8080"]
